#-----------------------------------------------------------
# Vivado v2020.2 (64-bit)
# SW Build 3064766 on Wed Nov 18 09:12:47 MST 2020
# IP Build 3064653 on Wed Nov 18 14:17:31 MST 2020
# Start of session at: Sun Jan 31 16:05:28 2021
# Process ID: 17913
# Current directory: /home/jakub/Documents/PyCharmProjects/epilepsy_detection_ieeg/hardware/UCI_AR/neural_network_hls_ar/solution1/impl/ip
# Command line: vivado -notrace -mode batch -source run_ippack.tcl
# Log file: /home/jakub/Documents/PyCharmProjects/epilepsy_detection_ieeg/hardware/UCI_AR/neural_network_hls_ar/solution1/impl/ip/vivado.log
# Journal file: /home/jakub/Documents/PyCharmProjects/epilepsy_detection_ieeg/hardware/UCI_AR/neural_network_hls_ar/solution1/impl/ip/vivado.jou
#-----------------------------------------------------------
source run_ippack.tcl -notrace
INFO: [IP_Flow 19-234] Refreshing IP repositories
INFO: [IP_Flow 19-1704] No user IP repositories specified
INFO: [IP_Flow 19-2313] Loaded Vivado IP repository '/home/jakub/apps/Xilinx/Vivado/2020.2/data/ip'.
WARNING: [IP_Flow 19-4832] The IP name 'feedforward_ap_fadd_3_full_dsp_32' you have specified is long. The Windows operating system has path length limitations. It is recommended you use shorter names to reduce the likelihood of issues.
create_ip: Time (s): cpu = 00:00:05 ; elapsed = 00:00:06 . Memory (MB): peak = 2247.402 ; gain = 43.016 ; free physical = 545 ; free virtual = 6011
INFO: [IP_Flow 19-1686] Generating 'Synthesis' target for IP 'feedforward_ap_fadd_3_full_dsp_32'...
INFO: [IP_Flow 19-1686] Generating 'Simulation' target for IP 'feedforward_ap_fadd_3_full_dsp_32'...
WARNING: [IP_Flow 19-4832] The IP name 'feedforward_ap_fcmp_0_no_dsp_32' you have specified is long. The Windows operating system has path length limitations. It is recommended you use shorter names to reduce the likelihood of issues.
INFO: [IP_Flow 19-1686] Generating 'Synthesis' target for IP 'feedforward_ap_fcmp_0_no_dsp_32'...
INFO: [IP_Flow 19-1686] Generating 'Simulation' target for IP 'feedforward_ap_fcmp_0_no_dsp_32'...
WARNING: [IP_Flow 19-4832] The IP name 'feedforward_ap_fdiv_14_no_dsp_32' you have specified is long. The Windows operating system has path length limitations. It is recommended you use shorter names to reduce the likelihood of issues.
INFO: [IP_Flow 19-1686] Generating 'Synthesis' target for IP 'feedforward_ap_fdiv_14_no_dsp_32'...
INFO: [IP_Flow 19-1686] Generating 'Simulation' target for IP 'feedforward_ap_fdiv_14_no_dsp_32'...
WARNING: [IP_Flow 19-4832] The IP name 'feedforward_ap_fexp_7_full_dsp_32' you have specified is long. The Windows operating system has path length limitations. It is recommended you use shorter names to reduce the likelihood of issues.
INFO: [IP_Flow 19-1686] Generating 'Synthesis' target for IP 'feedforward_ap_fexp_7_full_dsp_32'...
INFO: [IP_Flow 19-1686] Generating 'Simulation' target for IP 'feedforward_ap_fexp_7_full_dsp_32'...
WARNING: [IP_Flow 19-4832] The IP name 'feedforward_ap_fmul_2_max_dsp_32' you have specified is long. The Windows operating system has path length limitations. It is recommended you use shorter names to reduce the likelihood of issues.
INFO: [IP_Flow 19-1686] Generating 'Synthesis' target for IP 'feedforward_ap_fmul_2_max_dsp_32'...
INFO: [IP_Flow 19-1686] Generating 'Simulation' target for IP 'feedforward_ap_fmul_2_max_dsp_32'...
INFO: [IP_Flow 19-234] Refreshing IP repositories
INFO: [IP_Flow 19-1704] No user IP repositories specified
INFO: [IP_Flow 19-2313] Loaded Vivado IP repository '/home/jakub/apps/Xilinx/Vivado/2020.2/data/ip'.
INFO: [Common 17-206] Exiting Vivado at Sun Jan 31 16:06:11 2021...
