10:11:22 INFO  : Launching XSCT server: xsct -n  -interactive /home/jakub/Documents/PyCharmProjects/epilepsy_detection_ieeg/hardware/UCI/neural_network_vitis/temp_xsdb_launch_script.tcl
10:11:23 INFO  : Registering command handlers for Vitis TCF services
10:11:30 INFO  : XSCT server has started successfully.
10:11:30 INFO  : plnx-install-location is set to ''
10:11:30 INFO  : Successfully done setting XSCT server connection channel  
10:11:30 INFO  : Platform repository initialization has completed.
10:11:31 INFO  : Successfully done setting workspace for the tool. 
10:11:31 INFO  : Successfully done query RDI_DATADIR 
10:17:25 INFO  : Result from executing command 'getProjects': neural_network_platform
10:17:25 INFO  : Result from executing command 'getPlatforms': 
10:25:28 INFO  : Result from executing command 'getProjects': neural_network_platform
10:25:28 INFO  : Result from executing command 'getPlatforms': neural_network_platform|/home/jakub/Documents/PyCharmProjects/epilepsy_detection_ieeg/hardware/UCI/neural_network_vitis/neural_network_platform/export/neural_network_platform/neural_network_platform.xpfm
11:22:08 INFO  : Checking for BSP changes to sync application flags for project 'neural_network_application'...
11:22:36 INFO  : Connected to target on host '127.0.0.1' and port '3121'.
11:22:37 INFO  : Jtag cable 'Xilinx TUL 1234-tulA' is selected.
11:22:37 INFO  : 'jtag frequency' command is executed.
11:22:37 INFO  : Context for 'APU' is selected.
11:22:37 INFO  : System reset is completed.
11:22:40 INFO  : 'after 3000' command is executed.
11:22:40 INFO  : 'targets -set -filter {jtag_cable_name =~ "Xilinx TUL 1234-tulA" && level==0 && jtag_device_ctx=="jsn-TUL-1234-tulA-23727093-0"}' command is executed.
11:22:42 INFO  : Device configured successfully with "/home/jakub/Documents/PyCharmProjects/epilepsy_detection_ieeg/hardware/UCI/neural_network_vitis/neural_network_application/_ide/bitstream/design_1_wrapper.bit"
11:22:42 INFO  : Context for 'APU' is selected.
11:22:42 INFO  : Hardware design and registers information is loaded from '/home/jakub/Documents/PyCharmProjects/epilepsy_detection_ieeg/hardware/UCI/neural_network_vitis/neural_network_platform/export/neural_network_platform/hw/design_1_wrapper.xsa'.
11:22:42 INFO  : 'configparams force-mem-access 1' command is executed.
11:22:43 INFO  : Context for 'APU' is selected.
11:22:43 INFO  : Sourcing of '/home/jakub/Documents/PyCharmProjects/epilepsy_detection_ieeg/hardware/UCI/neural_network_vitis/neural_network_application/_ide/psinit/ps7_init.tcl' is done.
11:22:43 INFO  : 'ps7_init' command is executed.
11:22:43 INFO  : 'ps7_post_config' command is executed.
11:22:43 INFO  : Context for processor 'ps7_cortexa9_0' is selected.
11:22:44 INFO  : The application '/home/jakub/Documents/PyCharmProjects/epilepsy_detection_ieeg/hardware/UCI/neural_network_vitis/neural_network_application/Debug/neural_network_application.elf' is downloaded to processor 'ps7_cortexa9_0'.
11:22:44 INFO  : 'configparams force-mem-access 0' command is executed.
11:22:44 INFO  : ----------------XSDB Script----------------
connect -url tcp:127.0.0.1:3121
targets -set -nocase -filter {name =~"APU*"}
rst -system
after 3000
targets -set -filter {jtag_cable_name =~ "Xilinx TUL 1234-tulA" && level==0 && jtag_device_ctx=="jsn-TUL-1234-tulA-23727093-0"}
fpga -file /home/jakub/Documents/PyCharmProjects/epilepsy_detection_ieeg/hardware/UCI/neural_network_vitis/neural_network_application/_ide/bitstream/design_1_wrapper.bit
targets -set -nocase -filter {name =~"APU*"}
loadhw -hw /home/jakub/Documents/PyCharmProjects/epilepsy_detection_ieeg/hardware/UCI/neural_network_vitis/neural_network_platform/export/neural_network_platform/hw/design_1_wrapper.xsa -mem-ranges [list {0x40000000 0xbfffffff}] -regs
configparams force-mem-access 1
targets -set -nocase -filter {name =~"APU*"}
source /home/jakub/Documents/PyCharmProjects/epilepsy_detection_ieeg/hardware/UCI/neural_network_vitis/neural_network_application/_ide/psinit/ps7_init.tcl
ps7_init
ps7_post_config
targets -set -nocase -filter {name =~ "*A9*#0"}
dow /home/jakub/Documents/PyCharmProjects/epilepsy_detection_ieeg/hardware/UCI/neural_network_vitis/neural_network_application/Debug/neural_network_application.elf
configparams force-mem-access 0
----------------End of Script----------------

11:22:44 INFO  : Context for processor 'ps7_cortexa9_0' is selected.
11:22:44 INFO  : 'con' command is executed.
11:22:44 INFO  : ----------------XSDB Script (After Launch)----------------
targets -set -nocase -filter {name =~ "*A9*#0"}
con
----------------End of Script----------------

11:22:44 INFO  : Launch script is exported to file '/home/jakub/Documents/PyCharmProjects/epilepsy_detection_ieeg/hardware/UCI/neural_network_vitis/neural_network_application_system/_ide/scripts/systemdebugger_neural_network_application_system_standalone.tcl'
11:26:53 INFO  : Checking for BSP changes to sync application flags for project 'neural_network_application'...
11:27:33 INFO  : Disconnected from the channel tcfchan#3.
11:27:33 INFO  : Connected to target on host '127.0.0.1' and port '3121'.
11:27:34 INFO  : Jtag cable 'Xilinx TUL 1234-tulA' is selected.
11:27:34 INFO  : 'jtag frequency' command is executed.
11:27:34 INFO  : Context for 'APU' is selected.
11:27:34 INFO  : System reset is completed.
11:27:37 INFO  : 'after 3000' command is executed.
11:27:37 INFO  : 'targets -set -filter {jtag_cable_name =~ "Xilinx TUL 1234-tulA" && level==0 && jtag_device_ctx=="jsn-TUL-1234-tulA-23727093-0"}' command is executed.
11:27:39 INFO  : Device configured successfully with "/home/jakub/Documents/PyCharmProjects/epilepsy_detection_ieeg/hardware/UCI/neural_network_vitis/neural_network_application/_ide/bitstream/design_1_wrapper.bit"
11:27:39 INFO  : Context for 'APU' is selected.
11:27:39 INFO  : Hardware design and registers information is loaded from '/home/jakub/Documents/PyCharmProjects/epilepsy_detection_ieeg/hardware/UCI/neural_network_vitis/neural_network_platform/export/neural_network_platform/hw/design_1_wrapper.xsa'.
11:27:39 INFO  : 'configparams force-mem-access 1' command is executed.
11:27:39 INFO  : Context for 'APU' is selected.
11:27:39 INFO  : Sourcing of '/home/jakub/Documents/PyCharmProjects/epilepsy_detection_ieeg/hardware/UCI/neural_network_vitis/neural_network_application/_ide/psinit/ps7_init.tcl' is done.
11:27:40 INFO  : 'ps7_init' command is executed.
11:27:40 INFO  : 'ps7_post_config' command is executed.
11:27:40 INFO  : Context for processor 'ps7_cortexa9_0' is selected.
11:27:40 INFO  : The application '/home/jakub/Documents/PyCharmProjects/epilepsy_detection_ieeg/hardware/UCI/neural_network_vitis/neural_network_application/Debug/neural_network_application.elf' is downloaded to processor 'ps7_cortexa9_0'.
11:27:40 INFO  : 'configparams force-mem-access 0' command is executed.
11:27:40 INFO  : ----------------XSDB Script----------------
connect -url tcp:127.0.0.1:3121
targets -set -nocase -filter {name =~"APU*"}
rst -system
after 3000
targets -set -filter {jtag_cable_name =~ "Xilinx TUL 1234-tulA" && level==0 && jtag_device_ctx=="jsn-TUL-1234-tulA-23727093-0"}
fpga -file /home/jakub/Documents/PyCharmProjects/epilepsy_detection_ieeg/hardware/UCI/neural_network_vitis/neural_network_application/_ide/bitstream/design_1_wrapper.bit
targets -set -nocase -filter {name =~"APU*"}
loadhw -hw /home/jakub/Documents/PyCharmProjects/epilepsy_detection_ieeg/hardware/UCI/neural_network_vitis/neural_network_platform/export/neural_network_platform/hw/design_1_wrapper.xsa -mem-ranges [list {0x40000000 0xbfffffff}] -regs
configparams force-mem-access 1
targets -set -nocase -filter {name =~"APU*"}
source /home/jakub/Documents/PyCharmProjects/epilepsy_detection_ieeg/hardware/UCI/neural_network_vitis/neural_network_application/_ide/psinit/ps7_init.tcl
ps7_init
ps7_post_config
targets -set -nocase -filter {name =~ "*A9*#0"}
dow /home/jakub/Documents/PyCharmProjects/epilepsy_detection_ieeg/hardware/UCI/neural_network_vitis/neural_network_application/Debug/neural_network_application.elf
configparams force-mem-access 0
----------------End of Script----------------

11:27:40 INFO  : Context for processor 'ps7_cortexa9_0' is selected.
11:27:40 INFO  : 'con' command is executed.
11:27:40 INFO  : ----------------XSDB Script (After Launch)----------------
targets -set -nocase -filter {name =~ "*A9*#0"}
con
----------------End of Script----------------

11:27:40 INFO  : Launch script is exported to file '/home/jakub/Documents/PyCharmProjects/epilepsy_detection_ieeg/hardware/UCI/neural_network_vitis/neural_network_application_system/_ide/scripts/systemdebugger_neural_network_application_system_standalone.tcl'
11:34:56 INFO  : Checking for BSP changes to sync application flags for project 'neural_network_application'...
11:35:31 INFO  : Disconnected from the channel tcfchan#5.
11:35:31 INFO  : Connected to target on host '127.0.0.1' and port '3121'.
11:35:31 INFO  : Jtag cable 'Xilinx TUL 1234-tulA' is selected.
11:35:31 INFO  : 'jtag frequency' command is executed.
11:35:31 INFO  : Context for 'APU' is selected.
11:35:31 INFO  : System reset is completed.
11:35:34 INFO  : 'after 3000' command is executed.
11:35:35 INFO  : 'targets -set -filter {jtag_cable_name =~ "Xilinx TUL 1234-tulA" && level==0 && jtag_device_ctx=="jsn-TUL-1234-tulA-23727093-0"}' command is executed.
11:35:37 INFO  : Device configured successfully with "/home/jakub/Documents/PyCharmProjects/epilepsy_detection_ieeg/hardware/UCI/neural_network_vitis/neural_network_application/_ide/bitstream/design_1_wrapper.bit"
11:35:37 INFO  : Context for 'APU' is selected.
11:35:37 INFO  : Hardware design and registers information is loaded from '/home/jakub/Documents/PyCharmProjects/epilepsy_detection_ieeg/hardware/UCI/neural_network_vitis/neural_network_platform/export/neural_network_platform/hw/design_1_wrapper.xsa'.
11:35:37 INFO  : 'configparams force-mem-access 1' command is executed.
11:35:37 INFO  : Context for 'APU' is selected.
11:35:37 INFO  : Sourcing of '/home/jakub/Documents/PyCharmProjects/epilepsy_detection_ieeg/hardware/UCI/neural_network_vitis/neural_network_application/_ide/psinit/ps7_init.tcl' is done.
11:35:38 INFO  : 'ps7_init' command is executed.
11:35:38 INFO  : 'ps7_post_config' command is executed.
11:35:38 INFO  : Context for processor 'ps7_cortexa9_0' is selected.
11:35:38 INFO  : The application '/home/jakub/Documents/PyCharmProjects/epilepsy_detection_ieeg/hardware/UCI/neural_network_vitis/neural_network_application/Debug/neural_network_application.elf' is downloaded to processor 'ps7_cortexa9_0'.
11:35:38 INFO  : 'configparams force-mem-access 0' command is executed.
11:35:38 INFO  : ----------------XSDB Script----------------
connect -url tcp:127.0.0.1:3121
targets -set -nocase -filter {name =~"APU*"}
rst -system
after 3000
targets -set -filter {jtag_cable_name =~ "Xilinx TUL 1234-tulA" && level==0 && jtag_device_ctx=="jsn-TUL-1234-tulA-23727093-0"}
fpga -file /home/jakub/Documents/PyCharmProjects/epilepsy_detection_ieeg/hardware/UCI/neural_network_vitis/neural_network_application/_ide/bitstream/design_1_wrapper.bit
targets -set -nocase -filter {name =~"APU*"}
loadhw -hw /home/jakub/Documents/PyCharmProjects/epilepsy_detection_ieeg/hardware/UCI/neural_network_vitis/neural_network_platform/export/neural_network_platform/hw/design_1_wrapper.xsa -mem-ranges [list {0x40000000 0xbfffffff}] -regs
configparams force-mem-access 1
targets -set -nocase -filter {name =~"APU*"}
source /home/jakub/Documents/PyCharmProjects/epilepsy_detection_ieeg/hardware/UCI/neural_network_vitis/neural_network_application/_ide/psinit/ps7_init.tcl
ps7_init
ps7_post_config
targets -set -nocase -filter {name =~ "*A9*#0"}
dow /home/jakub/Documents/PyCharmProjects/epilepsy_detection_ieeg/hardware/UCI/neural_network_vitis/neural_network_application/Debug/neural_network_application.elf
configparams force-mem-access 0
----------------End of Script----------------

11:35:38 INFO  : Context for processor 'ps7_cortexa9_0' is selected.
11:35:38 INFO  : 'con' command is executed.
11:35:38 INFO  : ----------------XSDB Script (After Launch)----------------
targets -set -nocase -filter {name =~ "*A9*#0"}
con
----------------End of Script----------------

11:35:38 INFO  : Launch script is exported to file '/home/jakub/Documents/PyCharmProjects/epilepsy_detection_ieeg/hardware/UCI/neural_network_vitis/neural_network_application_system/_ide/scripts/systemdebugger_neural_network_application_system_standalone.tcl'
12:22:27 INFO  : Disconnected from the channel tcfchan#7.
