
*** Running vivado
    with args -log design_1_wrapper.vdi -applog -m64 -product Vivado -messageDb vivado.pb -mode batch -source design_1_wrapper.tcl -notrace


****** Vivado v2020.2 (64-bit)
  **** SW Build 3064766 on Wed Nov 18 09:12:47 MST 2020
  **** IP Build 3064653 on Wed Nov 18 14:17:31 MST 2020
    ** Copyright 1986-2020 Xilinx, Inc. All Rights Reserved.

source design_1_wrapper.tcl -notrace
INFO: [IP_Flow 19-234] Refreshing IP repositories
INFO: [IP_Flow 19-1700] Loaded user IP repository '/home/jakub/Documents/PyCharmProjects/epilepsy_detection_ieeg/hardware/UCI/neural_network_hls/solution1/impl/ip'.
INFO: [IP_Flow 19-2313] Loaded Vivado IP repository '/home/jakub/apps/Xilinx/Vivado/2020.2/data/ip'.
Command: link_design -top design_1_wrapper -part xc7z020clg400-1
Design is defaulting to srcset: sources_1
Design is defaulting to constrset: constrs_1
INFO: [Device 21-403] Loading part xc7z020clg400-1
Netlist sorting complete. Time (s): cpu = 00:00:00.19 ; elapsed = 00:00:00.19 . Memory (MB): peak = 2288.926 ; gain = 0.000 ; free physical = 1530 ; free virtual = 12435
INFO: [Netlist 29-17] Analyzing 560 Unisim elements for replacement
INFO: [Netlist 29-28] Unisim Transformation completed in 0 CPU seconds
INFO: [Project 1-479] Netlist was created with Vivado 2020.2
INFO: [Project 1-570] Preparing netlist for logic optimization
Parsing XDC File [/home/jakub/Documents/PyCharmProjects/epilepsy_detection_ieeg/hardware/UCI/neural_network_vivado/neural_network_vivado.gen/sources_1/bd/design_1/ip/design_1_processing_system7_0_0/design_1_processing_system7_0_0.xdc] for cell 'design_1_i/processing_system7_0/inst'
Finished Parsing XDC File [/home/jakub/Documents/PyCharmProjects/epilepsy_detection_ieeg/hardware/UCI/neural_network_vivado/neural_network_vivado.gen/sources_1/bd/design_1/ip/design_1_processing_system7_0_0/design_1_processing_system7_0_0.xdc] for cell 'design_1_i/processing_system7_0/inst'
Parsing XDC File [/home/jakub/Documents/PyCharmProjects/epilepsy_detection_ieeg/hardware/UCI/neural_network_vivado/neural_network_vivado.gen/sources_1/bd/design_1/ip/design_1_rst_ps7_0_100M_0/design_1_rst_ps7_0_100M_0_board.xdc] for cell 'design_1_i/rst_ps7_0_100M/U0'
Finished Parsing XDC File [/home/jakub/Documents/PyCharmProjects/epilepsy_detection_ieeg/hardware/UCI/neural_network_vivado/neural_network_vivado.gen/sources_1/bd/design_1/ip/design_1_rst_ps7_0_100M_0/design_1_rst_ps7_0_100M_0_board.xdc] for cell 'design_1_i/rst_ps7_0_100M/U0'
Parsing XDC File [/home/jakub/Documents/PyCharmProjects/epilepsy_detection_ieeg/hardware/UCI/neural_network_vivado/neural_network_vivado.gen/sources_1/bd/design_1/ip/design_1_rst_ps7_0_100M_0/design_1_rst_ps7_0_100M_0.xdc] for cell 'design_1_i/rst_ps7_0_100M/U0'
Finished Parsing XDC File [/home/jakub/Documents/PyCharmProjects/epilepsy_detection_ieeg/hardware/UCI/neural_network_vivado/neural_network_vivado.gen/sources_1/bd/design_1/ip/design_1_rst_ps7_0_100M_0/design_1_rst_ps7_0_100M_0.xdc] for cell 'design_1_i/rst_ps7_0_100M/U0'
INFO: [Opt 31-138] Pushed 0 inverter(s) to 0 load pin(s).
Generating merged BMM file for the design top 'design_1_wrapper'...
Netlist sorting complete. Time (s): cpu = 00:00:00.01 ; elapsed = 00:00:00 . Memory (MB): peak = 2328.875 ; gain = 0.000 ; free physical = 1422 ; free virtual = 12327
INFO: [Project 1-111] Unisim Transformation Summary:
No Unisim elements were transformed.

10 Infos, 0 Warnings, 0 Critical Warnings and 0 Errors encountered.
link_design completed successfully
link_design: Time (s): cpu = 00:00:16 ; elapsed = 00:00:18 . Memory (MB): peak = 2328.875 ; gain = 40.031 ; free physical = 1422 ; free virtual = 12327
Command: opt_design
Attempting to get a license for feature 'Implementation' and/or device 'xc7z020'
INFO: [Common 17-349] Got license for feature 'Implementation' and/or device 'xc7z020'
Running DRC as a precondition to command opt_design

Starting DRC Task
INFO: [DRC 23-27] Running DRC with 4 threads
INFO: [Project 1-461] DRC finished with 0 Errors
INFO: [Project 1-462] Please refer to the DRC report (report_drc) for more information.

Time (s): cpu = 00:00:03 ; elapsed = 00:00:02 . Memory (MB): peak = 2344.871 ; gain = 15.996 ; free physical = 1402 ; free virtual = 12307

Starting Cache Timing Information Task
INFO: [Timing 38-35] Done setting XDC timing constraints.
Ending Cache Timing Information Task | Checksum: 13821eb04

Time (s): cpu = 00:00:10 ; elapsed = 00:00:10 . Memory (MB): peak = 2501.684 ; gain = 156.812 ; free physical = 1003 ; free virtual = 11923

Starting Logic Optimization Task

Phase 1 Retarget
INFO: [Opt 31-138] Pushed 5 inverter(s) to 17 load pin(s).
INFO: [Opt 31-49] Retargeted 0 cell(s).
Phase 1 Retarget | Checksum: 12c37fd94

Time (s): cpu = 00:00:01 ; elapsed = 00:00:00.71 . Memory (MB): peak = 2673.621 ; gain = 0.000 ; free physical = 845 ; free virtual = 11766
INFO: [Opt 31-389] Phase Retarget created 42 cells and removed 107 cells

Phase 2 Constant propagation
INFO: [Opt 31-138] Pushed 0 inverter(s) to 0 load pin(s).
Phase 2 Constant propagation | Checksum: da708aac

Time (s): cpu = 00:00:01 ; elapsed = 00:00:00.87 . Memory (MB): peak = 2673.621 ; gain = 0.000 ; free physical = 845 ; free virtual = 11766
INFO: [Opt 31-389] Phase Constant propagation created 45 cells and removed 83 cells

Phase 3 Sweep
Phase 3 Sweep | Checksum: 1488637a5

Time (s): cpu = 00:00:02 ; elapsed = 00:00:01 . Memory (MB): peak = 2673.621 ; gain = 0.000 ; free physical = 844 ; free virtual = 11765
INFO: [Opt 31-389] Phase Sweep created 0 cells and removed 71 cells

Phase 4 BUFG optimization
Phase 4 BUFG optimization | Checksum: 1488637a5

Time (s): cpu = 00:00:02 ; elapsed = 00:00:01 . Memory (MB): peak = 2673.621 ; gain = 0.000 ; free physical = 845 ; free virtual = 11766
INFO: [Opt 31-662] Phase BUFG optimization created 0 cells of which 0 are BUFGs and removed 0 cells.

Phase 5 Shift Register Optimization
INFO: [Opt 31-1064] SRL Remap converted 0 SRLs to 0 registers and converted 0 registers of register chains to 0 SRLs
Phase 5 Shift Register Optimization | Checksum: 1488637a5

Time (s): cpu = 00:00:02 ; elapsed = 00:00:02 . Memory (MB): peak = 2673.621 ; gain = 0.000 ; free physical = 845 ; free virtual = 11766
INFO: [Opt 31-389] Phase Shift Register Optimization created 0 cells and removed 0 cells

Phase 6 Post Processing Netlist
Phase 6 Post Processing Netlist | Checksum: 10d8f8a69

Time (s): cpu = 00:00:02 ; elapsed = 00:00:02 . Memory (MB): peak = 2673.621 ; gain = 0.000 ; free physical = 845 ; free virtual = 11766
INFO: [Opt 31-389] Phase Post Processing Netlist created 0 cells and removed 1 cells
Opt_design Change Summary
=========================


-------------------------------------------------------------------------------------------------------------------------
|  Phase                        |  #Cells created  |  #Cells Removed  |  #Constrained objects preventing optimizations  |
-------------------------------------------------------------------------------------------------------------------------
|  Retarget                     |              42  |             107  |                                              0  |
|  Constant propagation         |              45  |              83  |                                              0  |
|  Sweep                        |               0  |              71  |                                              0  |
|  BUFG optimization            |               0  |               0  |                                              0  |
|  Shift Register Optimization  |               0  |               0  |                                              0  |
|  Post Processing Netlist      |               0  |               1  |                                              0  |
-------------------------------------------------------------------------------------------------------------------------



Starting Connectivity Check Task

Time (s): cpu = 00:00:00.03 ; elapsed = 00:00:00.02 . Memory (MB): peak = 2673.621 ; gain = 0.000 ; free physical = 845 ; free virtual = 11766
Ending Logic Optimization Task | Checksum: 19586b1a0

Time (s): cpu = 00:00:02 ; elapsed = 00:00:02 . Memory (MB): peak = 2673.621 ; gain = 0.000 ; free physical = 845 ; free virtual = 11766

Starting Power Optimization Task
INFO: [Pwropt 34-132] Skipping clock gating for clocks with a period < 2.00 ns.
INFO: [Timing 38-35] Done setting XDC timing constraints.
Running Vector-less Activity Propagation...

Finished Running Vector-less Activity Propagation
INFO: [Pwropt 34-9] Applying IDT optimizations ...
INFO: [Pwropt 34-10] Applying ODC optimizations ...


Starting PowerOpt Patch Enables Task
INFO: [Pwropt 34-162] WRITE_MODE attribute of 0 BRAM(s) out of a total of 52 has been updated to save power. Run report_power_opt to get a complete listing of the BRAMs updated.
INFO: [Pwropt 34-201] Structural ODC has moved 0 WE to EN ports
Number of BRAM Ports augmented: 21 newly gated: 0 Total Ports: 104
Ending PowerOpt Patch Enables Task | Checksum: 168eb94b7

Time (s): cpu = 00:00:00.22 ; elapsed = 00:00:00.24 . Memory (MB): peak = 2913.488 ; gain = 0.000 ; free physical = 803 ; free virtual = 11729
Ending Power Optimization Task | Checksum: 168eb94b7

Time (s): cpu = 00:00:10 ; elapsed = 00:00:07 . Memory (MB): peak = 2913.488 ; gain = 239.867 ; free physical = 812 ; free virtual = 11738

Starting Final Cleanup Task

Starting Logic Optimization Task
INFO: [Timing 38-35] Done setting XDC timing constraints.
Ending Logic Optimization Task | Checksum: 155ba0bec

Time (s): cpu = 00:00:02 ; elapsed = 00:00:01 . Memory (MB): peak = 2913.488 ; gain = 0.000 ; free physical = 820 ; free virtual = 11745
Ending Final Cleanup Task | Checksum: 155ba0bec

Time (s): cpu = 00:00:05 ; elapsed = 00:00:04 . Memory (MB): peak = 2913.488 ; gain = 0.000 ; free physical = 819 ; free virtual = 11745

Starting Netlist Obfuscation Task
Netlist sorting complete. Time (s): cpu = 00:00:00.01 ; elapsed = 00:00:00 . Memory (MB): peak = 2913.488 ; gain = 0.000 ; free physical = 819 ; free virtual = 11745
Ending Netlist Obfuscation Task | Checksum: 155ba0bec

Time (s): cpu = 00:00:00.01 ; elapsed = 00:00:00 . Memory (MB): peak = 2913.488 ; gain = 0.000 ; free physical = 819 ; free virtual = 11745
INFO: [Common 17-83] Releasing license: Implementation
33 Infos, 0 Warnings, 0 Critical Warnings and 0 Errors encountered.
opt_design completed successfully
opt_design: Time (s): cpu = 00:00:33 ; elapsed = 00:00:27 . Memory (MB): peak = 2913.488 ; gain = 584.613 ; free physical = 819 ; free virtual = 11745
INFO: [Timing 38-480] Writing timing data to binary archive.
Writing placer database...
Writing XDEF routing.
Writing XDEF routing logical nets.
Writing XDEF routing special nets.
Write XDEF Complete: Time (s): cpu = 00:00:00.21 ; elapsed = 00:00:00.06 . Memory (MB): peak = 2913.488 ; gain = 0.000 ; free physical = 810 ; free virtual = 11739
INFO: [Common 17-1381] The checkpoint '/home/jakub/Documents/PyCharmProjects/epilepsy_detection_ieeg/hardware/UCI/neural_network_vivado/neural_network_vivado.runs/impl_1/design_1_wrapper_opt.dcp' has been generated.
INFO: [runtcl-4] Executing : report_drc -file design_1_wrapper_drc_opted.rpt -pb design_1_wrapper_drc_opted.pb -rpx design_1_wrapper_drc_opted.rpx
Command: report_drc -file design_1_wrapper_drc_opted.rpt -pb design_1_wrapper_drc_opted.pb -rpx design_1_wrapper_drc_opted.rpx
INFO: [IP_Flow 19-1839] IP Catalog is up to date.
INFO: [Timing 38-35] Done setting XDC timing constraints.
INFO: [DRC 23-27] Running DRC with 4 threads
INFO: [Coretcl 2-168] The results of DRC are in file /home/jakub/Documents/PyCharmProjects/epilepsy_detection_ieeg/hardware/UCI/neural_network_vivado/neural_network_vivado.runs/impl_1/design_1_wrapper_drc_opted.rpt.
report_drc completed successfully
Command: place_design
Attempting to get a license for feature 'Implementation' and/or device 'xc7z020'
INFO: [Common 17-349] Got license for feature 'Implementation' and/or device 'xc7z020'
INFO: [DRC 23-27] Running DRC with 4 threads
INFO: [Vivado_Tcl 4-198] DRC finished with 0 Errors
INFO: [Vivado_Tcl 4-199] Please refer to the DRC report (report_drc) for more information.
Running DRC as a precondition to command place_design
INFO: [DRC 23-27] Running DRC with 4 threads
INFO: [DRC REQP-1725] DSP_Abus_sign_bit_alert: design_1_i/feedforward_0/U0/fadd_32ns_32ns_32_5_full_dsp_1_U1/feedforward_ap_fadd_3_full_dsp_32_u/inst/i_synth/ADDSUB_OP.ADDSUB/DSP.OP/DSP48E1_BODY.ALIGN_ADD/DSP2/i_no_versal_es1_workaround.DSP: When using the PreAdder and USE_DPORT is TRUE, the A operand should be restricted to 24 bit two's complement (and sign extended) to avoid over/underflow in the pre-add stage.
INFO: [Vivado_Tcl 4-198] DRC finished with 0 Errors, 1 Advisories
INFO: [Vivado_Tcl 4-199] Please refer to the DRC report (report_drc) for more information.

Starting Placer Task
INFO: [Place 30-611] Multithreading enabled for place_design using a maximum of 4 CPUs

Phase 1 Placer Initialization

Phase 1.1 Placer Initialization Netlist Sorting
Netlist sorting complete. Time (s): cpu = 00:00:00.01 ; elapsed = 00:00:00.01 . Memory (MB): peak = 2924.504 ; gain = 0.000 ; free physical = 738 ; free virtual = 11669
Phase 1.1 Placer Initialization Netlist Sorting | Checksum: 57c533e5

Time (s): cpu = 00:00:00.02 ; elapsed = 00:00:00.05 . Memory (MB): peak = 2924.504 ; gain = 0.000 ; free physical = 738 ; free virtual = 11669
Netlist sorting complete. Time (s): cpu = 00:00:00 ; elapsed = 00:00:00.01 . Memory (MB): peak = 2924.504 ; gain = 0.000 ; free physical = 738 ; free virtual = 11669

Phase 1.2 IO Placement/ Clock Placement/ Build Placer Device
Phase 1.2 IO Placement/ Clock Placement/ Build Placer Device | Checksum: 23290f8a

Time (s): cpu = 00:00:01 ; elapsed = 00:00:01 . Memory (MB): peak = 2924.504 ; gain = 0.000 ; free physical = 765 ; free virtual = 11696

Phase 1.3 Build Placer Netlist Model
Phase 1.3 Build Placer Netlist Model | Checksum: 74c184be

Time (s): cpu = 00:00:06 ; elapsed = 00:00:03 . Memory (MB): peak = 2924.504 ; gain = 0.000 ; free physical = 747 ; free virtual = 11679

Phase 1.4 Constrain Clocks/Macros
Phase 1.4 Constrain Clocks/Macros | Checksum: 74c184be

Time (s): cpu = 00:00:06 ; elapsed = 00:00:03 . Memory (MB): peak = 2924.504 ; gain = 0.000 ; free physical = 747 ; free virtual = 11679
Phase 1 Placer Initialization | Checksum: 74c184be

Time (s): cpu = 00:00:06 ; elapsed = 00:00:04 . Memory (MB): peak = 2924.504 ; gain = 0.000 ; free physical = 746 ; free virtual = 11679

Phase 2 Global Placement

Phase 2.1 Floorplanning
Phase 2.1 Floorplanning | Checksum: 27b2dfbc

Time (s): cpu = 00:00:08 ; elapsed = 00:00:04 . Memory (MB): peak = 2924.504 ; gain = 0.000 ; free physical = 754 ; free virtual = 11687

Phase 2.2 Update Timing before SLR Path Opt
Phase 2.2 Update Timing before SLR Path Opt | Checksum: 35cb5d59

Time (s): cpu = 00:00:10 ; elapsed = 00:00:05 . Memory (MB): peak = 2924.504 ; gain = 0.000 ; free physical = 747 ; free virtual = 11680

Phase 2.3 Global Placement Core

Phase 2.3.1 Physical Synthesis In Placer
INFO: [Physopt 32-1035] Found 0 LUTNM shape to break, 435 LUT instances to create LUTNM shape
INFO: [Physopt 32-1044] Break lutnm for timing: one critical 0, two critical 0, total 0, new lutff created 0
INFO: [Physopt 32-775] End 1 Pass. Optimized 191 nets or cells. Created 0 new cell, deleted 191 existing cells and moved 0 existing cell
INFO: [Physopt 32-65] No nets found for high-fanout optimization.
INFO: [Physopt 32-232] Optimized 0 net. Created 0 new instance.
INFO: [Physopt 32-775] End 1 Pass. Optimized 0 net or cell. Created 0 new cell, deleted 0 existing cell and moved 0 existing cell
INFO: [Physopt 32-670] No setup violation found.  DSP Register Optimization was not performed.
INFO: [Physopt 32-670] No setup violation found.  Shift Register to Pipeline Optimization was not performed.
INFO: [Physopt 32-670] No setup violation found.  Shift Register Optimization was not performed.
INFO: [Physopt 32-670] No setup violation found.  BRAM Register Optimization was not performed.
INFO: [Physopt 32-670] No setup violation found.  URAM Register Optimization was not performed.
INFO: [Physopt 32-949] No candidate nets found for dynamic/static region interface net replication
INFO: [Physopt 32-775] End 1 Pass. Optimized 0 net or cell. Created 0 new cell, deleted 0 existing cell and moved 0 existing cell
Netlist sorting complete. Time (s): cpu = 00:00:00 ; elapsed = 00:00:00 . Memory (MB): peak = 2924.504 ; gain = 0.000 ; free physical = 736 ; free virtual = 11667

Summary of Physical Synthesis Optimizations
============================================


-----------------------------------------------------------------------------------------------------------------------------------------------------------
|  Optimization                                     |  Added Cells  |  Removed Cells  |  Optimized Cells/Nets  |  Dont Touch  |  Iterations  |  Elapsed   |
-----------------------------------------------------------------------------------------------------------------------------------------------------------
|  LUT Combining                                    |            0  |            191  |                   191  |           0  |           1  |  00:00:00  |
|  Very High Fanout                                 |            0  |              0  |                     0  |           0  |           1  |  00:00:00  |
|  DSP Register                                     |            0  |              0  |                     0  |           0  |           0  |  00:00:00  |
|  Shift Register to Pipeline                       |            0  |              0  |                     0  |           0  |           0  |  00:00:00  |
|  Shift Register                                   |            0  |              0  |                     0  |           0  |           0  |  00:00:00  |
|  BRAM Register                                    |            0  |              0  |                     0  |           0  |           0  |  00:00:00  |
|  URAM Register                                    |            0  |              0  |                     0  |           0  |           0  |  00:00:00  |
|  Dynamic/Static Region Interface Net Replication  |            0  |              0  |                     0  |           0  |           1  |  00:00:00  |
|  Total                                            |            0  |            191  |                   191  |           0  |           3  |  00:00:01  |
-----------------------------------------------------------------------------------------------------------------------------------------------------------


Phase 2.3.1 Physical Synthesis In Placer | Checksum: 1d5837374

Time (s): cpu = 00:00:28 ; elapsed = 00:00:14 . Memory (MB): peak = 2924.504 ; gain = 0.000 ; free physical = 736 ; free virtual = 11667
Phase 2.3 Global Placement Core | Checksum: 1e1157f1e

Time (s): cpu = 00:00:29 ; elapsed = 00:00:15 . Memory (MB): peak = 2924.504 ; gain = 0.000 ; free physical = 735 ; free virtual = 11666
Phase 2 Global Placement | Checksum: 1e1157f1e

Time (s): cpu = 00:00:29 ; elapsed = 00:00:15 . Memory (MB): peak = 2924.504 ; gain = 0.000 ; free physical = 738 ; free virtual = 11669

Phase 3 Detail Placement

Phase 3.1 Commit Multi Column Macros
Phase 3.1 Commit Multi Column Macros | Checksum: 1c5a4afa4

Time (s): cpu = 00:00:31 ; elapsed = 00:00:16 . Memory (MB): peak = 2924.504 ; gain = 0.000 ; free physical = 740 ; free virtual = 11671

Phase 3.2 Commit Most Macros & LUTRAMs
Phase 3.2 Commit Most Macros & LUTRAMs | Checksum: 23440942c

Time (s): cpu = 00:00:35 ; elapsed = 00:00:17 . Memory (MB): peak = 2924.504 ; gain = 0.000 ; free physical = 737 ; free virtual = 11669

Phase 3.3 Area Swap Optimization
Phase 3.3 Area Swap Optimization | Checksum: 21447e834

Time (s): cpu = 00:00:35 ; elapsed = 00:00:17 . Memory (MB): peak = 2924.504 ; gain = 0.000 ; free physical = 737 ; free virtual = 11669

Phase 3.4 Pipeline Register Optimization
Phase 3.4 Pipeline Register Optimization | Checksum: 19ea0a194

Time (s): cpu = 00:00:35 ; elapsed = 00:00:17 . Memory (MB): peak = 2924.504 ; gain = 0.000 ; free physical = 737 ; free virtual = 11669

Phase 3.5 Small Shape Detail Placement
Phase 3.5 Small Shape Detail Placement | Checksum: 24c59aecb

Time (s): cpu = 00:00:40 ; elapsed = 00:00:22 . Memory (MB): peak = 2924.504 ; gain = 0.000 ; free physical = 728 ; free virtual = 11660

Phase 3.6 Re-assign LUT pins
Phase 3.6 Re-assign LUT pins | Checksum: 1b1f70825

Time (s): cpu = 00:00:41 ; elapsed = 00:00:23 . Memory (MB): peak = 2924.504 ; gain = 0.000 ; free physical = 729 ; free virtual = 11661

Phase 3.7 Pipeline Register Optimization
Phase 3.7 Pipeline Register Optimization | Checksum: 21560077a

Time (s): cpu = 00:00:41 ; elapsed = 00:00:23 . Memory (MB): peak = 2924.504 ; gain = 0.000 ; free physical = 729 ; free virtual = 11661
Phase 3 Detail Placement | Checksum: 21560077a

Time (s): cpu = 00:00:41 ; elapsed = 00:00:23 . Memory (MB): peak = 2924.504 ; gain = 0.000 ; free physical = 729 ; free virtual = 11661

Phase 4 Post Placement Optimization and Clean-Up

Phase 4.1 Post Commit Optimization
INFO: [Timing 38-35] Done setting XDC timing constraints.

Phase 4.1.1 Post Placement Optimization
Post Placement Optimization Initialization | Checksum: d79d1230

Phase 4.1.1.1 BUFG Insertion

Starting Physical Synthesis Task

Phase 1 Physical Synthesis Initialization
INFO: [Physopt 32-721] Multithreading enabled for phys_opt_design using a maximum of 4 CPUs
INFO: [Physopt 32-619] Estimated Timing Summary | WNS=1.036 | TNS=0.000 |
Phase 1 Physical Synthesis Initialization | Checksum: 19be19875

Time (s): cpu = 00:00:01 ; elapsed = 00:00:00.45 . Memory (MB): peak = 2924.504 ; gain = 0.000 ; free physical = 682 ; free virtual = 11624
INFO: [Place 46-56] BUFG insertion identified 0 candidate nets. Inserted BUFG: 0, Replicated BUFG Driver: 0, Skipped due to Placement/Routing Conflicts: 0, Skipped due to Timing Degradation: 0, Skipped due to Illegal Netlist: 0.
Ending Physical Synthesis Task | Checksum: 18ba0752e

Time (s): cpu = 00:00:01 ; elapsed = 00:00:00.48 . Memory (MB): peak = 2924.504 ; gain = 0.000 ; free physical = 681 ; free virtual = 11623
Phase 4.1.1.1 BUFG Insertion | Checksum: d79d1230

Time (s): cpu = 00:00:49 ; elapsed = 00:00:26 . Memory (MB): peak = 2924.504 ; gain = 0.000 ; free physical = 681 ; free virtual = 11623
INFO: [Place 30-746] Post Placement Timing Summary WNS=1.036. For the most accurate timing information please run report_timing.

Time (s): cpu = 00:00:49 ; elapsed = 00:00:26 . Memory (MB): peak = 2924.504 ; gain = 0.000 ; free physical = 681 ; free virtual = 11623
Phase 4.1 Post Commit Optimization | Checksum: e4782e98

Time (s): cpu = 00:00:49 ; elapsed = 00:00:27 . Memory (MB): peak = 2924.504 ; gain = 0.000 ; free physical = 681 ; free virtual = 11623

Phase 4.2 Post Placement Cleanup
Phase 4.2 Post Placement Cleanup | Checksum: e4782e98

Time (s): cpu = 00:00:49 ; elapsed = 00:00:27 . Memory (MB): peak = 2924.504 ; gain = 0.000 ; free physical = 681 ; free virtual = 11623

Phase 4.3 Placer Reporting

Phase 4.3.1 Print Estimated Congestion
INFO: [Place 30-612] Post-Placement Estimated Congestion 
 ____________________________________________________
|           | Global Congestion | Short Congestion  |
| Direction | Region Size       | Region Size       |
|___________|___________________|___________________|
|      North|                2x2|                2x2|
|___________|___________________|___________________|
|      South|                1x1|                2x2|
|___________|___________________|___________________|
|       East|                1x1|                2x2|
|___________|___________________|___________________|
|       West|                1x1|                1x1|
|___________|___________________|___________________|

Phase 4.3.1 Print Estimated Congestion | Checksum: e4782e98

Time (s): cpu = 00:00:49 ; elapsed = 00:00:27 . Memory (MB): peak = 2924.504 ; gain = 0.000 ; free physical = 681 ; free virtual = 11623
Phase 4.3 Placer Reporting | Checksum: e4782e98

Time (s): cpu = 00:00:49 ; elapsed = 00:00:27 . Memory (MB): peak = 2924.504 ; gain = 0.000 ; free physical = 681 ; free virtual = 11623

Phase 4.4 Final Placement Cleanup
Netlist sorting complete. Time (s): cpu = 00:00:00.01 ; elapsed = 00:00:00 . Memory (MB): peak = 2924.504 ; gain = 0.000 ; free physical = 681 ; free virtual = 11623

Time (s): cpu = 00:00:49 ; elapsed = 00:00:27 . Memory (MB): peak = 2924.504 ; gain = 0.000 ; free physical = 681 ; free virtual = 11623
Phase 4 Post Placement Optimization and Clean-Up | Checksum: f525d145

Time (s): cpu = 00:00:49 ; elapsed = 00:00:27 . Memory (MB): peak = 2924.504 ; gain = 0.000 ; free physical = 680 ; free virtual = 11622
Ending Placer Task | Checksum: 9e593fd4

Time (s): cpu = 00:00:49 ; elapsed = 00:00:27 . Memory (MB): peak = 2924.504 ; gain = 0.000 ; free physical = 680 ; free virtual = 11621
INFO: [Common 17-83] Releasing license: Implementation
69 Infos, 0 Warnings, 0 Critical Warnings and 0 Errors encountered.
place_design completed successfully
place_design: Time (s): cpu = 00:00:54 ; elapsed = 00:00:29 . Memory (MB): peak = 2924.504 ; gain = 0.000 ; free physical = 697 ; free virtual = 11638
INFO: [Timing 38-480] Writing timing data to binary archive.
Writing placer database...
Writing XDEF routing.
Writing XDEF routing logical nets.
Writing XDEF routing special nets.
Write XDEF Complete: Time (s): cpu = 00:00:04 ; elapsed = 00:00:01 . Memory (MB): peak = 2924.504 ; gain = 0.000 ; free physical = 668 ; free virtual = 11627
INFO: [Common 17-1381] The checkpoint '/home/jakub/Documents/PyCharmProjects/epilepsy_detection_ieeg/hardware/UCI/neural_network_vivado/neural_network_vivado.runs/impl_1/design_1_wrapper_placed.dcp' has been generated.
INFO: [runtcl-4] Executing : report_io -file design_1_wrapper_io_placed.rpt
report_io: Time (s): cpu = 00:00:00.15 ; elapsed = 00:00:00.21 . Memory (MB): peak = 2924.504 ; gain = 0.000 ; free physical = 682 ; free virtual = 11628
INFO: [runtcl-4] Executing : report_utilization -file design_1_wrapper_utilization_placed.rpt -pb design_1_wrapper_utilization_placed.pb
INFO: [runtcl-4] Executing : report_control_sets -verbose -file design_1_wrapper_control_sets_placed.rpt
report_control_sets: Time (s): cpu = 00:00:00.09 ; elapsed = 00:00:00.15 . Memory (MB): peak = 2924.504 ; gain = 0.000 ; free physical = 693 ; free virtual = 11639
Command: phys_opt_design
Attempting to get a license for feature 'Implementation' and/or device 'xc7z020'
INFO: [Common 17-349] Got license for feature 'Implementation' and/or device 'xc7z020'
INFO: [Vivado_Tcl 4-383] Design worst setup slack (WNS) is greater than or equal to 0.000 ns. Skipping all physical synthesis optimizations.
INFO: [Vivado_Tcl 4-232] No setup violation found. The netlist was not modified.
INFO: [Common 17-83] Releasing license: Implementation
78 Infos, 0 Warnings, 0 Critical Warnings and 0 Errors encountered.
phys_opt_design completed successfully
INFO: [Timing 38-480] Writing timing data to binary archive.
Writing placer database...
Writing XDEF routing.
Writing XDEF routing logical nets.
Writing XDEF routing special nets.
Write XDEF Complete: Time (s): cpu = 00:00:04 ; elapsed = 00:00:01 . Memory (MB): peak = 2924.504 ; gain = 0.000 ; free physical = 637 ; free virtual = 11601
INFO: [Common 17-1381] The checkpoint '/home/jakub/Documents/PyCharmProjects/epilepsy_detection_ieeg/hardware/UCI/neural_network_vivado/neural_network_vivado.runs/impl_1/design_1_wrapper_physopt.dcp' has been generated.
Command: route_design
Attempting to get a license for feature 'Implementation' and/or device 'xc7z020'
INFO: [Common 17-349] Got license for feature 'Implementation' and/or device 'xc7z020'
Running DRC as a precondition to command route_design
INFO: [DRC 23-27] Running DRC with 4 threads
INFO: [Vivado_Tcl 4-198] DRC finished with 0 Errors
INFO: [Vivado_Tcl 4-199] Please refer to the DRC report (report_drc) for more information.


Starting Routing Task
INFO: [Route 35-254] Multithreading enabled for route_design using a maximum of 4 CPUs
Checksum: PlaceDB: 39b051c2 ConstDB: 0 ShapeSum: 64a8ee12 RouteDB: 0

Phase 1 Build RT Design
Phase 1 Build RT Design | Checksum: fd771e2b

Time (s): cpu = 00:00:25 ; elapsed = 00:00:18 . Memory (MB): peak = 2924.504 ; gain = 0.000 ; free physical = 539 ; free virtual = 11499
Post Restoration Checksum: NetGraph: e4808b40 NumContArr: 18f692eb Constraints: 0 Timing: 0

Phase 2 Router Initialization

Phase 2.1 Create Timer
Phase 2.1 Create Timer | Checksum: fd771e2b

Time (s): cpu = 00:00:25 ; elapsed = 00:00:18 . Memory (MB): peak = 2924.504 ; gain = 0.000 ; free physical = 541 ; free virtual = 11502

Phase 2.2 Fix Topology Constraints
Phase 2.2 Fix Topology Constraints | Checksum: fd771e2b

Time (s): cpu = 00:00:25 ; elapsed = 00:00:18 . Memory (MB): peak = 2924.504 ; gain = 0.000 ; free physical = 524 ; free virtual = 11485

Phase 2.3 Pre Route Cleanup
Phase 2.3 Pre Route Cleanup | Checksum: fd771e2b

Time (s): cpu = 00:00:25 ; elapsed = 00:00:18 . Memory (MB): peak = 2924.504 ; gain = 0.000 ; free physical = 524 ; free virtual = 11485
 Number of Nodes with overlaps = 0

Phase 2.4 Update Timing
Phase 2.4 Update Timing | Checksum: 196b0f237

Time (s): cpu = 00:00:33 ; elapsed = 00:00:22 . Memory (MB): peak = 2956.285 ; gain = 31.781 ; free physical = 510 ; free virtual = 11471
INFO: [Route 35-416] Intermediate Timing Summary | WNS=1.115  | TNS=0.000  | WHS=-0.344 | THS=-63.301|

Phase 2 Router Initialization | Checksum: 1b541936e

Time (s): cpu = 00:00:36 ; elapsed = 00:00:23 . Memory (MB): peak = 2956.285 ; gain = 31.781 ; free physical = 508 ; free virtual = 11469

Router Utilization Summary
  Global Vertical Routing Utilization    = 0 %
  Global Horizontal Routing Utilization  = 0 %
  Routable Net Status*
  *Does not include unroutable nets such as driverless and loadless.
  Run report_route_status for detailed report.
  Number of Failed Nets               = 11393
    (Failed Nets is the sum of unrouted and partially routed nets)
  Number of Unrouted Nets             = 11393
  Number of Partially Routed Nets     = 0
  Number of Node Overlaps             = 0


Phase 3 Initial Routing

Phase 3.1 Global Routing
Phase 3.1 Global Routing | Checksum: 1b541936e

Time (s): cpu = 00:00:36 ; elapsed = 00:00:23 . Memory (MB): peak = 2956.285 ; gain = 31.781 ; free physical = 506 ; free virtual = 11467
Phase 3 Initial Routing | Checksum: 1cd0996cd

Time (s): cpu = 00:00:52 ; elapsed = 00:00:28 . Memory (MB): peak = 2991.285 ; gain = 66.781 ; free physical = 492 ; free virtual = 11466

Phase 4 Rip-up And Reroute

Phase 4.1 Global Iteration 0
 Number of Nodes with overlaps = 1811
 Number of Nodes with overlaps = 367
 Number of Nodes with overlaps = 87
 Number of Nodes with overlaps = 53
 Number of Nodes with overlaps = 29
 Number of Nodes with overlaps = 16
 Number of Nodes with overlaps = 8
 Number of Nodes with overlaps = 0
INFO: [Route 35-416] Intermediate Timing Summary | WNS=1.048  | TNS=0.000  | WHS=N/A    | THS=N/A    |

Phase 4.1 Global Iteration 0 | Checksum: ccca4676

Time (s): cpu = 00:01:32 ; elapsed = 00:01:02 . Memory (MB): peak = 2993.285 ; gain = 68.781 ; free physical = 521 ; free virtual = 11459
Phase 4 Rip-up And Reroute | Checksum: ccca4676

Time (s): cpu = 00:01:32 ; elapsed = 00:01:02 . Memory (MB): peak = 2993.285 ; gain = 68.781 ; free physical = 521 ; free virtual = 11459

Phase 5 Delay and Skew Optimization

Phase 5.1 Delay CleanUp

Phase 5.1.1 Update Timing
Phase 5.1.1 Update Timing | Checksum: b38e919a

Time (s): cpu = 00:01:34 ; elapsed = 00:01:02 . Memory (MB): peak = 2993.285 ; gain = 68.781 ; free physical = 521 ; free virtual = 11460
INFO: [Route 35-416] Intermediate Timing Summary | WNS=1.163  | TNS=0.000  | WHS=N/A    | THS=N/A    |

Phase 5.1 Delay CleanUp | Checksum: b38e919a

Time (s): cpu = 00:01:34 ; elapsed = 00:01:02 . Memory (MB): peak = 2993.285 ; gain = 68.781 ; free physical = 521 ; free virtual = 11460

Phase 5.2 Clock Skew Optimization
Phase 5.2 Clock Skew Optimization | Checksum: b38e919a

Time (s): cpu = 00:01:34 ; elapsed = 00:01:02 . Memory (MB): peak = 2993.285 ; gain = 68.781 ; free physical = 521 ; free virtual = 11460
Phase 5 Delay and Skew Optimization | Checksum: b38e919a

Time (s): cpu = 00:01:34 ; elapsed = 00:01:02 . Memory (MB): peak = 2993.285 ; gain = 68.781 ; free physical = 522 ; free virtual = 11460

Phase 6 Post Hold Fix

Phase 6.1 Hold Fix Iter

Phase 6.1.1 Update Timing
Phase 6.1.1 Update Timing | Checksum: 17124defc

Time (s): cpu = 00:01:36 ; elapsed = 00:01:03 . Memory (MB): peak = 2993.285 ; gain = 68.781 ; free physical = 521 ; free virtual = 11460
INFO: [Route 35-416] Intermediate Timing Summary | WNS=1.163  | TNS=0.000  | WHS=0.023  | THS=0.000  |

Phase 6.1 Hold Fix Iter | Checksum: 15ccfed23

Time (s): cpu = 00:01:36 ; elapsed = 00:01:03 . Memory (MB): peak = 2993.285 ; gain = 68.781 ; free physical = 521 ; free virtual = 11460
Phase 6 Post Hold Fix | Checksum: 15ccfed23

Time (s): cpu = 00:01:36 ; elapsed = 00:01:03 . Memory (MB): peak = 2993.285 ; gain = 68.781 ; free physical = 521 ; free virtual = 11460

Phase 7 Route finalize

Router Utilization Summary
  Global Vertical Routing Utilization    = 2.77452 %
  Global Horizontal Routing Utilization  = 3.47481 %
  Routable Net Status*
  *Does not include unroutable nets such as driverless and loadless.
  Run report_route_status for detailed report.
  Number of Failed Nets               = 0
    (Failed Nets is the sum of unrouted and partially routed nets)
  Number of Unrouted Nets             = 0
  Number of Partially Routed Nets     = 0
  Number of Node Overlaps             = 0

Phase 7 Route finalize | Checksum: df4f01a4

Time (s): cpu = 00:01:36 ; elapsed = 00:01:03 . Memory (MB): peak = 2993.285 ; gain = 68.781 ; free physical = 521 ; free virtual = 11460

Phase 8 Verifying routed nets

 Verification completed successfully
Phase 8 Verifying routed nets | Checksum: df4f01a4

Time (s): cpu = 00:01:36 ; elapsed = 00:01:03 . Memory (MB): peak = 2993.285 ; gain = 68.781 ; free physical = 520 ; free virtual = 11459

Phase 9 Depositing Routes
Phase 9 Depositing Routes | Checksum: 173f2f8d0

Time (s): cpu = 00:01:37 ; elapsed = 00:01:04 . Memory (MB): peak = 2993.285 ; gain = 68.781 ; free physical = 522 ; free virtual = 11461

Phase 10 Post Router Timing
INFO: [Route 35-57] Estimated Timing Summary | WNS=1.163  | TNS=0.000  | WHS=0.023  | THS=0.000  |

INFO: [Route 35-327] The final timing numbers are based on the router estimated timing analysis. For a complete and accurate timing signoff, please run report_timing_summary.
Phase 10 Post Router Timing | Checksum: 173f2f8d0

Time (s): cpu = 00:01:37 ; elapsed = 00:01:04 . Memory (MB): peak = 2993.285 ; gain = 68.781 ; free physical = 523 ; free virtual = 11461
INFO: [Route 35-16] Router Completed Successfully

Time (s): cpu = 00:01:37 ; elapsed = 00:01:04 . Memory (MB): peak = 2993.285 ; gain = 68.781 ; free physical = 545 ; free virtual = 11484

Routing Is Done.
INFO: [Common 17-83] Releasing license: Implementation
93 Infos, 0 Warnings, 0 Critical Warnings and 0 Errors encountered.
route_design completed successfully
route_design: Time (s): cpu = 00:01:48 ; elapsed = 00:01:08 . Memory (MB): peak = 2993.285 ; gain = 68.781 ; free physical = 545 ; free virtual = 11484
INFO: [Common 17-600] The following parameters have non-default value.
general.maxThreads
INFO: [Timing 38-480] Writing timing data to binary archive.
Writing placer database...
Writing XDEF routing.
Writing XDEF routing logical nets.
Writing XDEF routing special nets.
Write XDEF Complete: Time (s): cpu = 00:00:04 ; elapsed = 00:00:01 . Memory (MB): peak = 3004.258 ; gain = 2.969 ; free physical = 512 ; free virtual = 11473
INFO: [Common 17-1381] The checkpoint '/home/jakub/Documents/PyCharmProjects/epilepsy_detection_ieeg/hardware/UCI/neural_network_vivado/neural_network_vivado.runs/impl_1/design_1_wrapper_routed.dcp' has been generated.
INFO: [runtcl-4] Executing : report_drc -file design_1_wrapper_drc_routed.rpt -pb design_1_wrapper_drc_routed.pb -rpx design_1_wrapper_drc_routed.rpx
Command: report_drc -file design_1_wrapper_drc_routed.rpt -pb design_1_wrapper_drc_routed.pb -rpx design_1_wrapper_drc_routed.rpx
INFO: [IP_Flow 19-1839] IP Catalog is up to date.
INFO: [DRC 23-27] Running DRC with 4 threads
INFO: [Coretcl 2-168] The results of DRC are in file /home/jakub/Documents/PyCharmProjects/epilepsy_detection_ieeg/hardware/UCI/neural_network_vivado/neural_network_vivado.runs/impl_1/design_1_wrapper_drc_routed.rpt.
report_drc completed successfully
INFO: [runtcl-4] Executing : report_methodology -file design_1_wrapper_methodology_drc_routed.rpt -pb design_1_wrapper_methodology_drc_routed.pb -rpx design_1_wrapper_methodology_drc_routed.rpx
Command: report_methodology -file design_1_wrapper_methodology_drc_routed.rpt -pb design_1_wrapper_methodology_drc_routed.pb -rpx design_1_wrapper_methodology_drc_routed.rpx
INFO: [Timing 38-35] Done setting XDC timing constraints.
INFO: [DRC 23-133] Running Methodology with 4 threads
INFO: [Coretcl 2-1520] The results of Report Methodology are in file /home/jakub/Documents/PyCharmProjects/epilepsy_detection_ieeg/hardware/UCI/neural_network_vivado/neural_network_vivado.runs/impl_1/design_1_wrapper_methodology_drc_routed.rpt.
report_methodology completed successfully
INFO: [runtcl-4] Executing : report_power -file design_1_wrapper_power_routed.rpt -pb design_1_wrapper_power_summary_routed.pb -rpx design_1_wrapper_power_routed.rpx
Command: report_power -file design_1_wrapper_power_routed.rpt -pb design_1_wrapper_power_summary_routed.pb -rpx design_1_wrapper_power_routed.rpx
INFO: [Timing 38-35] Done setting XDC timing constraints.
Running Vector-less Activity Propagation...

Finished Running Vector-less Activity Propagation
106 Infos, 0 Warnings, 0 Critical Warnings and 0 Errors encountered.
report_power completed successfully
INFO: [runtcl-4] Executing : report_route_status -file design_1_wrapper_route_status.rpt -pb design_1_wrapper_route_status.pb
INFO: [runtcl-4] Executing : report_timing_summary -max_paths 10 -file design_1_wrapper_timing_summary_routed.rpt -pb design_1_wrapper_timing_summary_routed.pb -rpx design_1_wrapper_timing_summary_routed.rpx -warn_on_violation 
INFO: [Timing 38-91] UpdateTimingParams: Speed grade: -1, Delay Type: min_max.
INFO: [Timing 38-191] Multithreading enabled for timing update using a maximum of 4 CPUs
INFO: [runtcl-4] Executing : report_incremental_reuse -file design_1_wrapper_incremental_reuse_routed.rpt
INFO: [Vivado_Tcl 4-1062] Incremental flow is disabled. No incremental reuse Info to report.
INFO: [runtcl-4] Executing : report_clock_utilization -file design_1_wrapper_clock_utilization_routed.rpt
INFO: [runtcl-4] Executing : report_bus_skew -warn_on_violation -file design_1_wrapper_bus_skew_routed.rpt -pb design_1_wrapper_bus_skew_routed.pb -rpx design_1_wrapper_bus_skew_routed.rpx
INFO: [Timing 38-91] UpdateTimingParams: Speed grade: -1, Delay Type: min_max.
INFO: [Timing 38-191] Multithreading enabled for timing update using a maximum of 4 CPUs
Command: write_bitstream -force design_1_wrapper.bit
Attempting to get a license for feature 'Implementation' and/or device 'xc7z020'
INFO: [Common 17-349] Got license for feature 'Implementation' and/or device 'xc7z020'
Running DRC as a precondition to command write_bitstream
INFO: [IP_Flow 19-1839] IP Catalog is up to date.
INFO: [DRC 23-27] Running DRC with 4 threads
WARNING: [DRC DPIP-1] Input pipelining: DSP design_1_i/feedforward_0/U0/fadd_32ns_32ns_32_5_full_dsp_1_U1/feedforward_ap_fadd_3_full_dsp_32_u/inst/i_synth/ADDSUB_OP.ADDSUB/DSP.OP/DSP48E1_BODY.ALIGN_ADD/DSP2/i_no_versal_es1_workaround.DSP input design_1_i/feedforward_0/U0/fadd_32ns_32ns_32_5_full_dsp_1_U1/feedforward_ap_fadd_3_full_dsp_32_u/inst/i_synth/ADDSUB_OP.ADDSUB/DSP.OP/DSP48E1_BODY.ALIGN_ADD/DSP2/i_no_versal_es1_workaround.DSP/A[29:0] is not pipelined. Pipelining DSP48 input will improve performance.
WARNING: [DRC DPIP-1] Input pipelining: DSP design_1_i/feedforward_0/U0/fadd_32ns_32ns_32_5_full_dsp_1_U1/feedforward_ap_fadd_3_full_dsp_32_u/inst/i_synth/ADDSUB_OP.ADDSUB/DSP.OP/DSP48E1_BODY.ALIGN_ADD/DSP2/i_no_versal_es1_workaround.DSP input design_1_i/feedforward_0/U0/fadd_32ns_32ns_32_5_full_dsp_1_U1/feedforward_ap_fadd_3_full_dsp_32_u/inst/i_synth/ADDSUB_OP.ADDSUB/DSP.OP/DSP48E1_BODY.ALIGN_ADD/DSP2/i_no_versal_es1_workaround.DSP/B[17:0] is not pipelined. Pipelining DSP48 input will improve performance.
WARNING: [DRC DPIP-1] Input pipelining: DSP design_1_i/feedforward_0/U0/fadd_32ns_32ns_32_5_full_dsp_1_U1/feedforward_ap_fadd_3_full_dsp_32_u/inst/i_synth/ADDSUB_OP.ADDSUB/DSP.OP/DSP48E1_BODY.ALIGN_ADD/DSP2/i_no_versal_es1_workaround.DSP input design_1_i/feedforward_0/U0/fadd_32ns_32ns_32_5_full_dsp_1_U1/feedforward_ap_fadd_3_full_dsp_32_u/inst/i_synth/ADDSUB_OP.ADDSUB/DSP.OP/DSP48E1_BODY.ALIGN_ADD/DSP2/i_no_versal_es1_workaround.DSP/C[47:0] is not pipelined. Pipelining DSP48 input will improve performance.
WARNING: [DRC DPIP-1] Input pipelining: DSP design_1_i/feedforward_0/U0/fadd_32ns_32ns_32_5_full_dsp_1_U1/feedforward_ap_fadd_3_full_dsp_32_u/inst/i_synth/ADDSUB_OP.ADDSUB/DSP.OP/DSP48E1_BODY.NORM_RND/FULL_USAGE_DSP.SHIFT_RND/i_no_versal_es1_workaround.DSP input design_1_i/feedforward_0/U0/fadd_32ns_32ns_32_5_full_dsp_1_U1/feedforward_ap_fadd_3_full_dsp_32_u/inst/i_synth/ADDSUB_OP.ADDSUB/DSP.OP/DSP48E1_BODY.NORM_RND/FULL_USAGE_DSP.SHIFT_RND/i_no_versal_es1_workaround.DSP/C[47:0] is not pipelined. Pipelining DSP48 input will improve performance.
WARNING: [DRC DPIP-1] Input pipelining: DSP design_1_i/feedforward_0/U0/fexp_32ns_32ns_32_9_full_dsp_1_U5/feedforward_ap_fexp_7_full_dsp_32_u/inst/i_synth/EXP_OP.i_sp_or_dp.OP/i_ccm_ln2/g_tables[0].i_addsub/dsp.one.dsp48e1_add/i_no_versal_es1_workaround.DSP input design_1_i/feedforward_0/U0/fexp_32ns_32ns_32_9_full_dsp_1_U5/feedforward_ap_fexp_7_full_dsp_32_u/inst/i_synth/EXP_OP.i_sp_or_dp.OP/i_ccm_ln2/g_tables[0].i_addsub/dsp.one.dsp48e1_add/i_no_versal_es1_workaround.DSP/A[29:0] is not pipelined. Pipelining DSP48 input will improve performance.
WARNING: [DRC DPIP-1] Input pipelining: DSP design_1_i/feedforward_0/U0/fexp_32ns_32ns_32_9_full_dsp_1_U5/feedforward_ap_fexp_7_full_dsp_32_u/inst/i_synth/EXP_OP.i_sp_or_dp.OP/i_ccm_ln2/g_tables[0].i_addsub/dsp.one.dsp48e1_add/i_no_versal_es1_workaround.DSP input design_1_i/feedforward_0/U0/fexp_32ns_32ns_32_9_full_dsp_1_U5/feedforward_ap_fexp_7_full_dsp_32_u/inst/i_synth/EXP_OP.i_sp_or_dp.OP/i_ccm_ln2/g_tables[0].i_addsub/dsp.one.dsp48e1_add/i_no_versal_es1_workaround.DSP/B[17:0] is not pipelined. Pipelining DSP48 input will improve performance.
WARNING: [DRC DPIP-1] Input pipelining: DSP design_1_i/feedforward_0/U0/fexp_32ns_32ns_32_9_full_dsp_1_U5/feedforward_ap_fexp_7_full_dsp_32_u/inst/i_synth/EXP_OP.i_sp_or_dp.OP/i_ccm_ln2/g_tables[1].i_addsub/dsp.one.dsp48e1_add/i_no_versal_es1_workaround.DSP input design_1_i/feedforward_0/U0/fexp_32ns_32ns_32_9_full_dsp_1_U5/feedforward_ap_fexp_7_full_dsp_32_u/inst/i_synth/EXP_OP.i_sp_or_dp.OP/i_ccm_ln2/g_tables[1].i_addsub/dsp.one.dsp48e1_add/i_no_versal_es1_workaround.DSP/A[29:0] is not pipelined. Pipelining DSP48 input will improve performance.
WARNING: [DRC DPIP-1] Input pipelining: DSP design_1_i/feedforward_0/U0/fexp_32ns_32ns_32_9_full_dsp_1_U5/feedforward_ap_fexp_7_full_dsp_32_u/inst/i_synth/EXP_OP.i_sp_or_dp.OP/i_ccm_ln2/g_tables[1].i_addsub/dsp.one.dsp48e1_add/i_no_versal_es1_workaround.DSP input design_1_i/feedforward_0/U0/fexp_32ns_32ns_32_9_full_dsp_1_U5/feedforward_ap_fexp_7_full_dsp_32_u/inst/i_synth/EXP_OP.i_sp_or_dp.OP/i_ccm_ln2/g_tables[1].i_addsub/dsp.one.dsp48e1_add/i_no_versal_es1_workaround.DSP/B[17:0] is not pipelined. Pipelining DSP48 input will improve performance.
WARNING: [DRC DPIP-1] Input pipelining: DSP design_1_i/feedforward_0/U0/fexp_32ns_32ns_32_9_full_dsp_1_U5/feedforward_ap_fexp_7_full_dsp_32_u/inst/i_synth/EXP_OP.i_sp_or_dp.OP/i_ccm_ln2/g_tables[1].i_addsub/dsp.one.dsp48e1_add/i_no_versal_es1_workaround.DSP input design_1_i/feedforward_0/U0/fexp_32ns_32ns_32_9_full_dsp_1_U5/feedforward_ap_fexp_7_full_dsp_32_u/inst/i_synth/EXP_OP.i_sp_or_dp.OP/i_ccm_ln2/g_tables[1].i_addsub/dsp.one.dsp48e1_add/i_no_versal_es1_workaround.DSP/C[47:0] is not pipelined. Pipelining DSP48 input will improve performance.
WARNING: [DRC DPIP-1] Input pipelining: DSP design_1_i/feedforward_0/U0/fexp_32ns_32ns_32_9_full_dsp_1_U5/feedforward_ap_fexp_7_full_dsp_32_u/inst/i_synth/EXP_OP.i_sp_or_dp.OP/i_ccm_recip_ln2/g_tables[0].i_addsub/dsp.one.dsp48e1_add/i_no_versal_es1_workaround.DSP input design_1_i/feedforward_0/U0/fexp_32ns_32ns_32_9_full_dsp_1_U5/feedforward_ap_fexp_7_full_dsp_32_u/inst/i_synth/EXP_OP.i_sp_or_dp.OP/i_ccm_recip_ln2/g_tables[0].i_addsub/dsp.one.dsp48e1_add/i_no_versal_es1_workaround.DSP/B[17:0] is not pipelined. Pipelining DSP48 input will improve performance.
WARNING: [DRC DPIP-1] Input pipelining: DSP design_1_i/feedforward_0/U0/fexp_32ns_32ns_32_9_full_dsp_1_U5/feedforward_ap_fexp_7_full_dsp_32_u/inst/i_synth/EXP_OP.i_sp_or_dp.OP/i_ccm_recip_ln2/g_tables[1].i_addsub/dsp.one.dsp48e1_add/i_no_versal_es1_workaround.DSP input design_1_i/feedforward_0/U0/fexp_32ns_32ns_32_9_full_dsp_1_U5/feedforward_ap_fexp_7_full_dsp_32_u/inst/i_synth/EXP_OP.i_sp_or_dp.OP/i_ccm_recip_ln2/g_tables[1].i_addsub/dsp.one.dsp48e1_add/i_no_versal_es1_workaround.DSP/A[29:0] is not pipelined. Pipelining DSP48 input will improve performance.
WARNING: [DRC DPIP-1] Input pipelining: DSP design_1_i/feedforward_0/U0/fexp_32ns_32ns_32_9_full_dsp_1_U5/feedforward_ap_fexp_7_full_dsp_32_u/inst/i_synth/EXP_OP.i_sp_or_dp.OP/i_ccm_recip_ln2/g_tables[1].i_addsub/dsp.one.dsp48e1_add/i_no_versal_es1_workaround.DSP input design_1_i/feedforward_0/U0/fexp_32ns_32ns_32_9_full_dsp_1_U5/feedforward_ap_fexp_7_full_dsp_32_u/inst/i_synth/EXP_OP.i_sp_or_dp.OP/i_ccm_recip_ln2/g_tables[1].i_addsub/dsp.one.dsp48e1_add/i_no_versal_es1_workaround.DSP/B[17:0] is not pipelined. Pipelining DSP48 input will improve performance.
WARNING: [DRC DPIP-1] Input pipelining: DSP design_1_i/feedforward_0/U0/fexp_32ns_32ns_32_9_full_dsp_1_U5/feedforward_ap_fexp_7_full_dsp_32_u/inst/i_synth/EXP_OP.i_sp_or_dp.OP/i_ccm_recip_ln2/g_tables[1].i_addsub/dsp.one.dsp48e1_add/i_no_versal_es1_workaround.DSP input design_1_i/feedforward_0/U0/fexp_32ns_32ns_32_9_full_dsp_1_U5/feedforward_ap_fexp_7_full_dsp_32_u/inst/i_synth/EXP_OP.i_sp_or_dp.OP/i_ccm_recip_ln2/g_tables[1].i_addsub/dsp.one.dsp48e1_add/i_no_versal_es1_workaround.DSP/C[47:0] is not pipelined. Pipelining DSP48 input will improve performance.
WARNING: [DRC DPIP-1] Input pipelining: DSP design_1_i/feedforward_0/U0/fexp_32ns_32ns_32_9_full_dsp_1_U5/feedforward_ap_fexp_7_full_dsp_32_u/inst/i_synth/EXP_OP.i_sp_or_dp.OP/i_renorm_and_round/DSP48_E1.DSP48E1_ADD.DSP48E1_ADD/i_no_versal_es1_workaround.DSP input design_1_i/feedforward_0/U0/fexp_32ns_32ns_32_9_full_dsp_1_U5/feedforward_ap_fexp_7_full_dsp_32_u/inst/i_synth/EXP_OP.i_sp_or_dp.OP/i_renorm_and_round/DSP48_E1.DSP48E1_ADD.DSP48E1_ADD/i_no_versal_es1_workaround.DSP/B[17:0] is not pipelined. Pipelining DSP48 input will improve performance.
WARNING: [DRC DPIP-1] Input pipelining: DSP design_1_i/feedforward_0/U0/fexp_32ns_32ns_32_9_full_dsp_1_U5/feedforward_ap_fexp_7_full_dsp_32_u/inst/i_synth/EXP_OP.i_sp_or_dp.OP/i_renorm_and_round/DSP48_E1.DSP48E1_ADD.DSP48E1_ADD/i_no_versal_es1_workaround.DSP input design_1_i/feedforward_0/U0/fexp_32ns_32ns_32_9_full_dsp_1_U5/feedforward_ap_fexp_7_full_dsp_32_u/inst/i_synth/EXP_OP.i_sp_or_dp.OP/i_renorm_and_round/DSP48_E1.DSP48E1_ADD.DSP48E1_ADD/i_no_versal_es1_workaround.DSP/C[47:0] is not pipelined. Pipelining DSP48 input will improve performance.
WARNING: [DRC DPIP-1] Input pipelining: DSP design_1_i/feedforward_0/U0/fmul_32ns_32ns_32_4_max_dsp_1_U2/feedforward_ap_fmul_2_max_dsp_32_u/inst/i_synth/MULT.OP/i_non_prim.MULT/DSP48E1_SPD_SGL_VARIANT.FIX_MULT/DSP1/i_no_versal_es1_workaround.DSP input design_1_i/feedforward_0/U0/fmul_32ns_32ns_32_4_max_dsp_1_U2/feedforward_ap_fmul_2_max_dsp_32_u/inst/i_synth/MULT.OP/i_non_prim.MULT/DSP48E1_SPD_SGL_VARIANT.FIX_MULT/DSP1/i_no_versal_es1_workaround.DSP/A[29:0] is not pipelined. Pipelining DSP48 input will improve performance.
WARNING: [DRC DPIP-1] Input pipelining: DSP design_1_i/feedforward_0/U0/fmul_32ns_32ns_32_4_max_dsp_1_U2/feedforward_ap_fmul_2_max_dsp_32_u/inst/i_synth/MULT.OP/i_non_prim.MULT/DSP48E1_SPD_SGL_VARIANT.FIX_MULT/DSP1/i_no_versal_es1_workaround.DSP input design_1_i/feedforward_0/U0/fmul_32ns_32ns_32_4_max_dsp_1_U2/feedforward_ap_fmul_2_max_dsp_32_u/inst/i_synth/MULT.OP/i_non_prim.MULT/DSP48E1_SPD_SGL_VARIANT.FIX_MULT/DSP1/i_no_versal_es1_workaround.DSP/B[17:0] is not pipelined. Pipelining DSP48 input will improve performance.
WARNING: [DRC DPIP-1] Input pipelining: DSP design_1_i/feedforward_0/U0/fmul_32ns_32ns_32_4_max_dsp_1_U2/feedforward_ap_fmul_2_max_dsp_32_u/inst/i_synth/MULT.OP/i_non_prim.MULT/DSP48E1_SPD_SGL_VARIANT.FIX_MULT/DSP2/i_no_versal_es1_workaround.DSP input design_1_i/feedforward_0/U0/fmul_32ns_32ns_32_4_max_dsp_1_U2/feedforward_ap_fmul_2_max_dsp_32_u/inst/i_synth/MULT.OP/i_non_prim.MULT/DSP48E1_SPD_SGL_VARIANT.FIX_MULT/DSP2/i_no_versal_es1_workaround.DSP/B[17:0] is not pipelined. Pipelining DSP48 input will improve performance.
WARNING: [DRC DPIP-1] Input pipelining: DSP design_1_i/feedforward_0/U0/fmul_32ns_32ns_32_4_max_dsp_1_U2/feedforward_ap_fmul_2_max_dsp_32_u/inst/i_synth/MULT.OP/i_non_prim.R_AND_R/LAT_OPT.FULL.R_AND_R/DSP48E1_SGL_EXP_IP.OLD_ADD.ADD/i_no_versal_es1_workaround.DSP input design_1_i/feedforward_0/U0/fmul_32ns_32ns_32_4_max_dsp_1_U2/feedforward_ap_fmul_2_max_dsp_32_u/inst/i_synth/MULT.OP/i_non_prim.R_AND_R/LAT_OPT.FULL.R_AND_R/DSP48E1_SGL_EXP_IP.OLD_ADD.ADD/i_no_versal_es1_workaround.DSP/C[47:0] is not pipelined. Pipelining DSP48 input will improve performance.
WARNING: [DRC DPOP-1] PREG Output pipelining: DSP design_1_i/feedforward_0/U0/fadd_32ns_32ns_32_5_full_dsp_1_U1/feedforward_ap_fadd_3_full_dsp_32_u/inst/i_synth/ADDSUB_OP.ADDSUB/DSP.OP/DSP48E1_BODY.NORM_RND/FULL_USAGE_DSP.SHIFT_RND/i_no_versal_es1_workaround.DSP output design_1_i/feedforward_0/U0/fadd_32ns_32ns_32_5_full_dsp_1_U1/feedforward_ap_fadd_3_full_dsp_32_u/inst/i_synth/ADDSUB_OP.ADDSUB/DSP.OP/DSP48E1_BODY.NORM_RND/FULL_USAGE_DSP.SHIFT_RND/i_no_versal_es1_workaround.DSP/P[47:0] is not pipelined (PREG=0). Pipelining the DSP48 output will improve performance and often saves power so it is suggested whenever possible to fully pipeline this function.  If this DSP48 function was inferred, it is suggested to describe an additional register stage after this function.  If the DSP48 was instantiated in the design, it is suggested to set the PREG attribute to 1.
WARNING: [DRC DPOP-1] PREG Output pipelining: DSP design_1_i/feedforward_0/U0/fexp_32ns_32ns_32_9_full_dsp_1_U5/feedforward_ap_fexp_7_full_dsp_32_u/inst/i_synth/EXP_OP.i_sp_or_dp.OP/g_Fr_sp_dsp.i_calculate_Fr/i_no_versal_es1_workaround.DSP output design_1_i/feedforward_0/U0/fexp_32ns_32ns_32_9_full_dsp_1_U5/feedforward_ap_fexp_7_full_dsp_32_u/inst/i_synth/EXP_OP.i_sp_or_dp.OP/g_Fr_sp_dsp.i_calculate_Fr/i_no_versal_es1_workaround.DSP/P[47:0] is not pipelined (PREG=0). Pipelining the DSP48 output will improve performance and often saves power so it is suggested whenever possible to fully pipeline this function.  If this DSP48 function was inferred, it is suggested to describe an additional register stage after this function.  If the DSP48 was instantiated in the design, it is suggested to set the PREG attribute to 1.
WARNING: [DRC DPOP-1] PREG Output pipelining: DSP design_1_i/feedforward_0/U0/fexp_32ns_32ns_32_9_full_dsp_1_U5/feedforward_ap_fexp_7_full_dsp_32_u/inst/i_synth/EXP_OP.i_sp_or_dp.OP/i_calculate_Xf/dsp.one.dsp48e1_add/i_no_versal_es1_workaround.DSP output design_1_i/feedforward_0/U0/fexp_32ns_32ns_32_9_full_dsp_1_U5/feedforward_ap_fexp_7_full_dsp_32_u/inst/i_synth/EXP_OP.i_sp_or_dp.OP/i_calculate_Xf/dsp.one.dsp48e1_add/i_no_versal_es1_workaround.DSP/P[47:0] is not pipelined (PREG=0). Pipelining the DSP48 output will improve performance and often saves power so it is suggested whenever possible to fully pipeline this function.  If this DSP48 function was inferred, it is suggested to describe an additional register stage after this function.  If the DSP48 was instantiated in the design, it is suggested to set the PREG attribute to 1.
WARNING: [DRC DPOP-1] PREG Output pipelining: DSP design_1_i/feedforward_0/U0/fexp_32ns_32ns_32_9_full_dsp_1_U5/feedforward_ap_fexp_7_full_dsp_32_u/inst/i_synth/EXP_OP.i_sp_or_dp.OP/i_ccm_ln2/g_tables[0].i_addsub/dsp.one.dsp48e1_add/i_no_versal_es1_workaround.DSP output design_1_i/feedforward_0/U0/fexp_32ns_32ns_32_9_full_dsp_1_U5/feedforward_ap_fexp_7_full_dsp_32_u/inst/i_synth/EXP_OP.i_sp_or_dp.OP/i_ccm_ln2/g_tables[0].i_addsub/dsp.one.dsp48e1_add/i_no_versal_es1_workaround.DSP/P[47:0] is not pipelined (PREG=0). Pipelining the DSP48 output will improve performance and often saves power so it is suggested whenever possible to fully pipeline this function.  If this DSP48 function was inferred, it is suggested to describe an additional register stage after this function.  If the DSP48 was instantiated in the design, it is suggested to set the PREG attribute to 1.
WARNING: [DRC DPOP-1] PREG Output pipelining: DSP design_1_i/feedforward_0/U0/fexp_32ns_32ns_32_9_full_dsp_1_U5/feedforward_ap_fexp_7_full_dsp_32_u/inst/i_synth/EXP_OP.i_sp_or_dp.OP/i_ccm_recip_ln2/g_tables[0].i_addsub/dsp.one.dsp48e1_add/i_no_versal_es1_workaround.DSP output design_1_i/feedforward_0/U0/fexp_32ns_32ns_32_9_full_dsp_1_U5/feedforward_ap_fexp_7_full_dsp_32_u/inst/i_synth/EXP_OP.i_sp_or_dp.OP/i_ccm_recip_ln2/g_tables[0].i_addsub/dsp.one.dsp48e1_add/i_no_versal_es1_workaround.DSP/P[47:0] is not pipelined (PREG=0). Pipelining the DSP48 output will improve performance and often saves power so it is suggested whenever possible to fully pipeline this function.  If this DSP48 function was inferred, it is suggested to describe an additional register stage after this function.  If the DSP48 was instantiated in the design, it is suggested to set the PREG attribute to 1.
WARNING: [DRC DPOP-1] PREG Output pipelining: DSP design_1_i/feedforward_0/U0/fexp_32ns_32ns_32_9_full_dsp_1_U5/feedforward_ap_fexp_7_full_dsp_32_u/inst/i_synth/EXP_OP.i_sp_or_dp.OP/i_renorm_and_round/DSP48_E1.DSP48E1_ADD.DSP48E1_ADD/i_no_versal_es1_workaround.DSP output design_1_i/feedforward_0/U0/fexp_32ns_32ns_32_9_full_dsp_1_U5/feedforward_ap_fexp_7_full_dsp_32_u/inst/i_synth/EXP_OP.i_sp_or_dp.OP/i_renorm_and_round/DSP48_E1.DSP48E1_ADD.DSP48E1_ADD/i_no_versal_es1_workaround.DSP/P[47:0] is not pipelined (PREG=0). Pipelining the DSP48 output will improve performance and often saves power so it is suggested whenever possible to fully pipeline this function.  If this DSP48 function was inferred, it is suggested to describe an additional register stage after this function.  If the DSP48 was instantiated in the design, it is suggested to set the PREG attribute to 1.
WARNING: [DRC DPOP-1] PREG Output pipelining: DSP design_1_i/feedforward_0/U0/fmul_32ns_32ns_32_4_max_dsp_1_U2/feedforward_ap_fmul_2_max_dsp_32_u/inst/i_synth/MULT.OP/i_non_prim.MULT/DSP48E1_SPD_SGL_VARIANT.FIX_MULT/DSP2/i_no_versal_es1_workaround.DSP output design_1_i/feedforward_0/U0/fmul_32ns_32ns_32_4_max_dsp_1_U2/feedforward_ap_fmul_2_max_dsp_32_u/inst/i_synth/MULT.OP/i_non_prim.MULT/DSP48E1_SPD_SGL_VARIANT.FIX_MULT/DSP2/i_no_versal_es1_workaround.DSP/PATTERNDETECT is not pipelined (PREG=0). Pipelining the DSP48 output will improve performance and often saves power so it is suggested whenever possible to fully pipeline this function.  If this DSP48 function was inferred, it is suggested to describe an additional register stage after this function.  If the DSP48 was instantiated in the design, it is suggested to set the PREG attribute to 1.
WARNING: [DRC DPOP-1] PREG Output pipelining: DSP design_1_i/feedforward_0/U0/fmul_32ns_32ns_32_4_max_dsp_1_U2/feedforward_ap_fmul_2_max_dsp_32_u/inst/i_synth/MULT.OP/i_non_prim.MULT/DSP48E1_SPD_SGL_VARIANT.FIX_MULT/DSP2/i_no_versal_es1_workaround.DSP output design_1_i/feedforward_0/U0/fmul_32ns_32ns_32_4_max_dsp_1_U2/feedforward_ap_fmul_2_max_dsp_32_u/inst/i_synth/MULT.OP/i_non_prim.MULT/DSP48E1_SPD_SGL_VARIANT.FIX_MULT/DSP2/i_no_versal_es1_workaround.DSP/P[47:0] is not pipelined (PREG=0). Pipelining the DSP48 output will improve performance and often saves power so it is suggested whenever possible to fully pipeline this function.  If this DSP48 function was inferred, it is suggested to describe an additional register stage after this function.  If the DSP48 was instantiated in the design, it is suggested to set the PREG attribute to 1.
WARNING: [DRC DPOP-1] PREG Output pipelining: DSP design_1_i/feedforward_0/U0/fmul_32ns_32ns_32_4_max_dsp_1_U2/feedforward_ap_fmul_2_max_dsp_32_u/inst/i_synth/MULT.OP/i_non_prim.R_AND_R/LAT_OPT.FULL.R_AND_R/DSP48E1_SGL_EXP_IP.OLD_ADD.ADD/i_no_versal_es1_workaround.DSP output design_1_i/feedforward_0/U0/fmul_32ns_32ns_32_4_max_dsp_1_U2/feedforward_ap_fmul_2_max_dsp_32_u/inst/i_synth/MULT.OP/i_non_prim.R_AND_R/LAT_OPT.FULL.R_AND_R/DSP48E1_SGL_EXP_IP.OLD_ADD.ADD/i_no_versal_es1_workaround.DSP/CARRYOUT[3:0] is not pipelined (PREG=0). Pipelining the DSP48 output will improve performance and often saves power so it is suggested whenever possible to fully pipeline this function.  If this DSP48 function was inferred, it is suggested to describe an additional register stage after this function.  If the DSP48 was instantiated in the design, it is suggested to set the PREG attribute to 1.
WARNING: [DRC DPOP-1] PREG Output pipelining: DSP design_1_i/feedforward_0/U0/fmul_32ns_32ns_32_4_max_dsp_1_U2/feedforward_ap_fmul_2_max_dsp_32_u/inst/i_synth/MULT.OP/i_non_prim.R_AND_R/LAT_OPT.FULL.R_AND_R/DSP48E1_SGL_EXP_IP.OLD_ADD.ADD/i_no_versal_es1_workaround.DSP output design_1_i/feedforward_0/U0/fmul_32ns_32ns_32_4_max_dsp_1_U2/feedforward_ap_fmul_2_max_dsp_32_u/inst/i_synth/MULT.OP/i_non_prim.R_AND_R/LAT_OPT.FULL.R_AND_R/DSP48E1_SGL_EXP_IP.OLD_ADD.ADD/i_no_versal_es1_workaround.DSP/P[47:0] is not pipelined (PREG=0). Pipelining the DSP48 output will improve performance and often saves power so it is suggested whenever possible to fully pipeline this function.  If this DSP48 function was inferred, it is suggested to describe an additional register stage after this function.  If the DSP48 was instantiated in the design, it is suggested to set the PREG attribute to 1.
WARNING: [DRC DPOP-2] MREG Output pipelining: DSP design_1_i/feedforward_0/U0/fadd_32ns_32ns_32_5_full_dsp_1_U1/feedforward_ap_fadd_3_full_dsp_32_u/inst/i_synth/ADDSUB_OP.ADDSUB/DSP.OP/DSP48E1_BODY.NORM_RND/FULL_USAGE_DSP.SHIFT_RND/i_no_versal_es1_workaround.DSP multiplier stage design_1_i/feedforward_0/U0/fadd_32ns_32ns_32_5_full_dsp_1_U1/feedforward_ap_fadd_3_full_dsp_32_u/inst/i_synth/ADDSUB_OP.ADDSUB/DSP.OP/DSP48E1_BODY.NORM_RND/FULL_USAGE_DSP.SHIFT_RND/i_no_versal_es1_workaround.DSP/P[47:0] is not pipelined (MREG=0). Pipelining the multiplier function will improve performance and will save significant power so it is suggested whenever possible to fully pipeline this function.  If this multiplier was inferred, it is suggested to describe an additional register stage after this function.  If there is no registered adder/accumulator following the multiply function, two pipeline stages are suggested to allow both the MREG and PREG registers to be used.  If the DSP48 was instantiated in the design, it is suggested to set both the MREG and PREG attributes to 1 when performing multiply functions.
WARNING: [DRC DPOP-2] MREG Output pipelining: DSP design_1_i/feedforward_0/U0/fexp_32ns_32ns_32_9_full_dsp_1_U5/feedforward_ap_fexp_7_full_dsp_32_u/inst/i_synth/EXP_OP.i_sp_or_dp.OP/g_Fr_sp_dsp.i_calculate_Fr/i_no_versal_es1_workaround.DSP multiplier stage design_1_i/feedforward_0/U0/fexp_32ns_32ns_32_9_full_dsp_1_U5/feedforward_ap_fexp_7_full_dsp_32_u/inst/i_synth/EXP_OP.i_sp_or_dp.OP/g_Fr_sp_dsp.i_calculate_Fr/i_no_versal_es1_workaround.DSP/P[47:0] is not pipelined (MREG=0). Pipelining the multiplier function will improve performance and will save significant power so it is suggested whenever possible to fully pipeline this function.  If this multiplier was inferred, it is suggested to describe an additional register stage after this function.  If there is no registered adder/accumulator following the multiply function, two pipeline stages are suggested to allow both the MREG and PREG registers to be used.  If the DSP48 was instantiated in the design, it is suggested to set both the MREG and PREG attributes to 1 when performing multiply functions.
WARNING: [DRC DPOP-2] MREG Output pipelining: DSP design_1_i/feedforward_0/U0/fmul_32ns_32ns_32_4_max_dsp_1_U2/feedforward_ap_fmul_2_max_dsp_32_u/inst/i_synth/MULT.OP/i_non_prim.MULT/DSP48E1_SPD_SGL_VARIANT.FIX_MULT/DSP1/i_no_versal_es1_workaround.DSP multiplier stage design_1_i/feedforward_0/U0/fmul_32ns_32ns_32_4_max_dsp_1_U2/feedforward_ap_fmul_2_max_dsp_32_u/inst/i_synth/MULT.OP/i_non_prim.MULT/DSP48E1_SPD_SGL_VARIANT.FIX_MULT/DSP1/i_no_versal_es1_workaround.DSP/PATTERNDETECT is not pipelined (MREG=0). Pipelining the multiplier function will improve performance and will save significant power so it is suggested whenever possible to fully pipeline this function.  If this multiplier was inferred, it is suggested to describe an additional register stage after this function.  If there is no registered adder/accumulator following the multiply function, two pipeline stages are suggested to allow both the MREG and PREG registers to be used.  If the DSP48 was instantiated in the design, it is suggested to set both the MREG and PREG attributes to 1 when performing multiply functions.
INFO: [DRC AVAL-4] enum_USE_DPORT_FALSE_enum_DREG_ADREG_0_connects_CED_CEAD_RSTD_GND: design_1_i/feedforward_0/U0/fadd_32ns_32ns_32_5_full_dsp_1_U1/feedforward_ap_fadd_3_full_dsp_32_u/inst/i_synth/ADDSUB_OP.ADDSUB/DSP.OP/DSP48E1_BODY.NORM_RND/FULL_USAGE_DSP.SHIFT_RND/i_no_versal_es1_workaround.DSP: DSP48E1 is not using the D port (USE_DPORT = FALSE). For improved power characteristics, set DREG and ADREG to '1', tie CED, CEAD, and RSTD to logic '0'.
INFO: [DRC AVAL-4] enum_USE_DPORT_FALSE_enum_DREG_ADREG_0_connects_CED_CEAD_RSTD_GND: design_1_i/feedforward_0/U0/fexp_32ns_32ns_32_9_full_dsp_1_U5/feedforward_ap_fexp_7_full_dsp_32_u/inst/i_synth/EXP_OP.i_sp_or_dp.OP/i_calculate_Xf/dsp.one.dsp48e1_add/i_no_versal_es1_workaround.DSP: DSP48E1 is not using the D port (USE_DPORT = FALSE). For improved power characteristics, set DREG and ADREG to '1', tie CED, CEAD, and RSTD to logic '0'.
INFO: [DRC AVAL-4] enum_USE_DPORT_FALSE_enum_DREG_ADREG_0_connects_CED_CEAD_RSTD_GND: design_1_i/feedforward_0/U0/fexp_32ns_32ns_32_9_full_dsp_1_U5/feedforward_ap_fexp_7_full_dsp_32_u/inst/i_synth/EXP_OP.i_sp_or_dp.OP/i_ccm_ln2/g_tables[0].i_addsub/dsp.one.dsp48e1_add/i_no_versal_es1_workaround.DSP: DSP48E1 is not using the D port (USE_DPORT = FALSE). For improved power characteristics, set DREG and ADREG to '1', tie CED, CEAD, and RSTD to logic '0'.
INFO: [DRC AVAL-4] enum_USE_DPORT_FALSE_enum_DREG_ADREG_0_connects_CED_CEAD_RSTD_GND: design_1_i/feedforward_0/U0/fexp_32ns_32ns_32_9_full_dsp_1_U5/feedforward_ap_fexp_7_full_dsp_32_u/inst/i_synth/EXP_OP.i_sp_or_dp.OP/i_ccm_ln2/g_tables[1].i_addsub/dsp.one.dsp48e1_add/i_no_versal_es1_workaround.DSP: DSP48E1 is not using the D port (USE_DPORT = FALSE). For improved power characteristics, set DREG and ADREG to '1', tie CED, CEAD, and RSTD to logic '0'.
INFO: [DRC AVAL-4] enum_USE_DPORT_FALSE_enum_DREG_ADREG_0_connects_CED_CEAD_RSTD_GND: design_1_i/feedforward_0/U0/fexp_32ns_32ns_32_9_full_dsp_1_U5/feedforward_ap_fexp_7_full_dsp_32_u/inst/i_synth/EXP_OP.i_sp_or_dp.OP/i_ccm_recip_ln2/g_tables[0].i_addsub/dsp.one.dsp48e1_add/i_no_versal_es1_workaround.DSP: DSP48E1 is not using the D port (USE_DPORT = FALSE). For improved power characteristics, set DREG and ADREG to '1', tie CED, CEAD, and RSTD to logic '0'.
INFO: [DRC AVAL-4] enum_USE_DPORT_FALSE_enum_DREG_ADREG_0_connects_CED_CEAD_RSTD_GND: design_1_i/feedforward_0/U0/fexp_32ns_32ns_32_9_full_dsp_1_U5/feedforward_ap_fexp_7_full_dsp_32_u/inst/i_synth/EXP_OP.i_sp_or_dp.OP/i_ccm_recip_ln2/g_tables[1].i_addsub/dsp.one.dsp48e1_add/i_no_versal_es1_workaround.DSP: DSP48E1 is not using the D port (USE_DPORT = FALSE). For improved power characteristics, set DREG and ADREG to '1', tie CED, CEAD, and RSTD to logic '0'.
INFO: [DRC AVAL-4] enum_USE_DPORT_FALSE_enum_DREG_ADREG_0_connects_CED_CEAD_RSTD_GND: design_1_i/feedforward_0/U0/fexp_32ns_32ns_32_9_full_dsp_1_U5/feedforward_ap_fexp_7_full_dsp_32_u/inst/i_synth/EXP_OP.i_sp_or_dp.OP/i_renorm_and_round/DSP48_E1.DSP48E1_ADD.DSP48E1_ADD/i_no_versal_es1_workaround.DSP: DSP48E1 is not using the D port (USE_DPORT = FALSE). For improved power characteristics, set DREG and ADREG to '1', tie CED, CEAD, and RSTD to logic '0'.
INFO: [DRC AVAL-4] enum_USE_DPORT_FALSE_enum_DREG_ADREG_0_connects_CED_CEAD_RSTD_GND: design_1_i/feedforward_0/U0/fmul_32ns_32ns_32_4_max_dsp_1_U2/feedforward_ap_fmul_2_max_dsp_32_u/inst/i_synth/MULT.OP/i_non_prim.MULT/DSP48E1_SPD_SGL_VARIANT.FIX_MULT/DSP1/i_no_versal_es1_workaround.DSP: DSP48E1 is not using the D port (USE_DPORT = FALSE). For improved power characteristics, set DREG and ADREG to '1', tie CED, CEAD, and RSTD to logic '0'.
INFO: [DRC AVAL-4] enum_USE_DPORT_FALSE_enum_DREG_ADREG_0_connects_CED_CEAD_RSTD_GND: design_1_i/feedforward_0/U0/fmul_32ns_32ns_32_4_max_dsp_1_U2/feedforward_ap_fmul_2_max_dsp_32_u/inst/i_synth/MULT.OP/i_non_prim.MULT/DSP48E1_SPD_SGL_VARIANT.FIX_MULT/DSP2/i_no_versal_es1_workaround.DSP: DSP48E1 is not using the D port (USE_DPORT = FALSE). For improved power characteristics, set DREG and ADREG to '1', tie CED, CEAD, and RSTD to logic '0'.
INFO: [DRC AVAL-4] enum_USE_DPORT_FALSE_enum_DREG_ADREG_0_connects_CED_CEAD_RSTD_GND: design_1_i/feedforward_0/U0/fmul_32ns_32ns_32_4_max_dsp_1_U2/feedforward_ap_fmul_2_max_dsp_32_u/inst/i_synth/MULT.OP/i_non_prim.R_AND_R/LAT_OPT.FULL.R_AND_R/DSP48E1_SGL_EXP_IP.OLD_ADD.ADD/i_no_versal_es1_workaround.DSP: DSP48E1 is not using the D port (USE_DPORT = FALSE). For improved power characteristics, set DREG and ADREG to '1', tie CED, CEAD, and RSTD to logic '0'.
INFO: [DRC AVAL-5] enum_USE_MULT_NONE_enum_DREG_ADREG_0_connects_CED_CEAD_RSTD_GND: design_1_i/feedforward_0/U0/fexp_32ns_32ns_32_9_full_dsp_1_U5/feedforward_ap_fexp_7_full_dsp_32_u/inst/i_synth/EXP_OP.i_sp_or_dp.OP/i_calculate_Xf/dsp.one.dsp48e1_add/i_no_versal_es1_workaround.DSP: DSP48E1 is not using the Multiplier (USE_MULT = NONE). For improved power characteristics, set DREG and ADREG to '1', tie CED, CEAD, and RSTD to logic '0'.
INFO: [DRC AVAL-5] enum_USE_MULT_NONE_enum_DREG_ADREG_0_connects_CED_CEAD_RSTD_GND: design_1_i/feedforward_0/U0/fexp_32ns_32ns_32_9_full_dsp_1_U5/feedforward_ap_fexp_7_full_dsp_32_u/inst/i_synth/EXP_OP.i_sp_or_dp.OP/i_ccm_ln2/g_tables[0].i_addsub/dsp.one.dsp48e1_add/i_no_versal_es1_workaround.DSP: DSP48E1 is not using the Multiplier (USE_MULT = NONE). For improved power characteristics, set DREG and ADREG to '1', tie CED, CEAD, and RSTD to logic '0'.
INFO: [DRC AVAL-5] enum_USE_MULT_NONE_enum_DREG_ADREG_0_connects_CED_CEAD_RSTD_GND: design_1_i/feedforward_0/U0/fexp_32ns_32ns_32_9_full_dsp_1_U5/feedforward_ap_fexp_7_full_dsp_32_u/inst/i_synth/EXP_OP.i_sp_or_dp.OP/i_ccm_ln2/g_tables[1].i_addsub/dsp.one.dsp48e1_add/i_no_versal_es1_workaround.DSP: DSP48E1 is not using the Multiplier (USE_MULT = NONE). For improved power characteristics, set DREG and ADREG to '1', tie CED, CEAD, and RSTD to logic '0'.
INFO: [DRC AVAL-5] enum_USE_MULT_NONE_enum_DREG_ADREG_0_connects_CED_CEAD_RSTD_GND: design_1_i/feedforward_0/U0/fexp_32ns_32ns_32_9_full_dsp_1_U5/feedforward_ap_fexp_7_full_dsp_32_u/inst/i_synth/EXP_OP.i_sp_or_dp.OP/i_ccm_recip_ln2/g_tables[0].i_addsub/dsp.one.dsp48e1_add/i_no_versal_es1_workaround.DSP: DSP48E1 is not using the Multiplier (USE_MULT = NONE). For improved power characteristics, set DREG and ADREG to '1', tie CED, CEAD, and RSTD to logic '0'.
INFO: [DRC AVAL-5] enum_USE_MULT_NONE_enum_DREG_ADREG_0_connects_CED_CEAD_RSTD_GND: design_1_i/feedforward_0/U0/fexp_32ns_32ns_32_9_full_dsp_1_U5/feedforward_ap_fexp_7_full_dsp_32_u/inst/i_synth/EXP_OP.i_sp_or_dp.OP/i_ccm_recip_ln2/g_tables[1].i_addsub/dsp.one.dsp48e1_add/i_no_versal_es1_workaround.DSP: DSP48E1 is not using the Multiplier (USE_MULT = NONE). For improved power characteristics, set DREG and ADREG to '1', tie CED, CEAD, and RSTD to logic '0'.
INFO: [DRC AVAL-5] enum_USE_MULT_NONE_enum_DREG_ADREG_0_connects_CED_CEAD_RSTD_GND: design_1_i/feedforward_0/U0/fexp_32ns_32ns_32_9_full_dsp_1_U5/feedforward_ap_fexp_7_full_dsp_32_u/inst/i_synth/EXP_OP.i_sp_or_dp.OP/i_renorm_and_round/DSP48_E1.DSP48E1_ADD.DSP48E1_ADD/i_no_versal_es1_workaround.DSP: DSP48E1 is not using the Multiplier (USE_MULT = NONE). For improved power characteristics, set DREG and ADREG to '1', tie CED, CEAD, and RSTD to logic '0'.
INFO: [DRC AVAL-5] enum_USE_MULT_NONE_enum_DREG_ADREG_0_connects_CED_CEAD_RSTD_GND: design_1_i/feedforward_0/U0/fmul_32ns_32ns_32_4_max_dsp_1_U2/feedforward_ap_fmul_2_max_dsp_32_u/inst/i_synth/MULT.OP/i_non_prim.R_AND_R/LAT_OPT.FULL.R_AND_R/DSP48E1_SGL_EXP_IP.OLD_ADD.ADD/i_no_versal_es1_workaround.DSP: DSP48E1 is not using the Multiplier (USE_MULT = NONE). For improved power characteristics, set DREG and ADREG to '1', tie CED, CEAD, and RSTD to logic '0'.
INFO: [DRC REQP-1725] DSP_Abus_sign_bit_alert: design_1_i/feedforward_0/U0/fadd_32ns_32ns_32_5_full_dsp_1_U1/feedforward_ap_fadd_3_full_dsp_32_u/inst/i_synth/ADDSUB_OP.ADDSUB/DSP.OP/DSP48E1_BODY.ALIGN_ADD/DSP2/i_no_versal_es1_workaround.DSP: When using the PreAdder and USE_DPORT is TRUE, the A operand should be restricted to 24 bit two's complement (and sign extended) to avoid over/underflow in the pre-add stage.
INFO: [Vivado 12-3199] DRC finished with 0 Errors, 32 Warnings, 18 Advisories
INFO: [Vivado 12-3200] Please refer to the DRC report (report_drc) for more information.
INFO: [Designutils 20-2272] Running write_bitstream with 4 threads.
Loading data files...
Loading site data...
Loading route data...
Processing options...
Creating bitmap...
Creating bitstream...
Writing bitstream ./design_1_wrapper.bit...
INFO: [Vivado 12-1842] Bitgen Completed Successfully.
INFO: [Project 1-120] WebTalk data collection is mandatory when using a WebPACK part without a full Vivado license. To see the specific WebTalk data collected for your design, open the usage_statistics_webtalk.html or usage_statistics_webtalk.xml file in the implementation directory.
INFO: [Common 17-186] '/home/jakub/Documents/PyCharmProjects/epilepsy_detection_ieeg/hardware/UCI/neural_network_vivado/neural_network_vivado.runs/impl_1/usage_statistics_webtalk.xml' has been successfully sent to Xilinx on Thu Jan 20 09:51:48 2022. For additional details about this file, please refer to the WebTalk help file at /home/jakub/apps/Xilinx/Vivado/2020.2/doc/webtalk_introduction.html.
INFO: [Common 17-83] Releasing license: Implementation
31 Infos, 32 Warnings, 0 Critical Warnings and 0 Errors encountered.
write_bitstream completed successfully
write_bitstream: Time (s): cpu = 00:00:30 ; elapsed = 00:00:27 . Memory (MB): peak = 3378.891 ; gain = 329.734 ; free physical = 484 ; free virtual = 11413
INFO: [Common 17-206] Exiting Vivado at Thu Jan 20 09:51:48 2022...
