In file included from ../../../main.cpp:3:
In file included from /home/jakub/apps/Xilinx/Vitis_HLS/2020.2/include/hls_math.h:1065:
In file included from /home/jakub/apps/Xilinx/Vitis_HLS/2020.2/include/hls_hotbm_apfixed.h:45:
/home/jakub/apps/Xilinx/Vitis_HLS/2020.2/include/utils/x_hls_utils.h:243:16: warning: 'hls_preserve' attribute ignored [-Wignored-attributes]
__attribute__((hls_preserve)) T reg(T d)
               ^
1 warning generated.
In file included from ../../../feedforward.cpp:5:
In file included from /home/jakub/apps/Xilinx/Vitis_HLS/2020.2/include/hls_math.h:1065:
In file included from /home/jakub/apps/Xilinx/Vitis_HLS/2020.2/include/hls_hotbm_apfixed.h:45:
/home/jakub/apps/Xilinx/Vitis_HLS/2020.2/include/utils/x_hls_utils.h:243:16: warning: 'hls_preserve' attribute ignored [-Wignored-attributes]
__attribute__((hls_preserve)) T reg(T d)
               ^
1 warning generated.
CFGHierUserfilelist:[/home/jakub/Documents/PyCharmProjects/epilepsy_detection_ieeg/hardware/UCI/neural_network_hls/main.cpp /home/jakub/Documents/PyCharmProjects/epilepsy_detection_ieeg/hardware/UCI/neural_network_hls/expected_result.txt /home/jakub/Documents/PyCharmProjects/epilepsy_detection_ieeg/hardware/UCI/neural_network_hls/feedforward.cpp]
TopFunctionName:feedforward
Writing 'callgraphDemangle.dot'...
Writing 'cfg__GLOBAL__sub_I_main.cpp_csim.dot'...
Writing 'cfg___cxx_global_var_init_csim.dot'...
Writing 'cfg_main_csim.dot'...
Writing 'cfg__GLOBAL__sub_I_feedforward.cpp_csim.dot'...
Writing 'cfg___cxx_global_var_init.2_csim.dot'...
Writing 'cfg__Z4ReLUf_csim.dot'...
Writing 'cfg__Z7sigmoidf_csim.dot'...
Writing 'cfg__Z11feedforwardPfS__csim.dot'...
