INFO: [HLS 200-10] Running '/home/jakub/apps/Xilinx/Vitis_HLS/2020.2/bin/unwrapped/lnx64.o/vitis_hls'
INFO: [HLS 200-10] For user 'jakub' on host 'jakub-Lenovo-G50-80' (Linux_x86_64 version 5.13.0-27-generic) on Sun Jan 31 16:05:19 CET 2021
INFO: [HLS 200-10] On os Ubuntu 20.04.3 LTS
INFO: [HLS 200-10] In directory '/home/jakub/Documents/PyCharmProjects/epilepsy_detection_ieeg/hardware/UCI_AR'
Sourcing Tcl script '/home/jakub/Documents/PyCharmProjects/epilepsy_detection_ieeg/hardware/UCI_AR/neural_network_hls_ar/solution1/export.tcl'
INFO: [HLS 200-1510] Running: open_project neural_network_hls_ar 
INFO: [HLS 200-10] Opening project '/home/jakub/Documents/PyCharmProjects/epilepsy_detection_ieeg/hardware/UCI_AR/neural_network_hls_ar'.
INFO: [HLS 200-1510] Running: set_top feedforward 
INFO: [HLS 200-1510] Running: add_files neural_network_hls_ar/b1.h 
INFO: [HLS 200-10] Adding design file 'neural_network_hls_ar/b1.h' to the project
INFO: [HLS 200-1510] Running: add_files neural_network_hls_ar/b2.h 
INFO: [HLS 200-10] Adding design file 'neural_network_hls_ar/b2.h' to the project
INFO: [HLS 200-1510] Running: add_files neural_network_hls_ar/feedforward.cpp 
INFO: [HLS 200-10] Adding design file 'neural_network_hls_ar/feedforward.cpp' to the project
INFO: [HLS 200-1510] Running: add_files neural_network_hls_ar/feedforward.h 
INFO: [HLS 200-10] Adding design file 'neural_network_hls_ar/feedforward.h' to the project
INFO: [HLS 200-1510] Running: add_files neural_network_hls_ar/w1.h 
INFO: [HLS 200-10] Adding design file 'neural_network_hls_ar/w1.h' to the project
INFO: [HLS 200-1510] Running: add_files neural_network_hls_ar/w2.h 
INFO: [HLS 200-10] Adding design file 'neural_network_hls_ar/w2.h' to the project
INFO: [HLS 200-1510] Running: add_files -tb neural_network_hls_ar/expected_result2.txt 
INFO: [HLS 200-10] Adding test bench file 'neural_network_hls_ar/expected_result2.txt' to the project
INFO: [HLS 200-1510] Running: add_files -tb neural_network_hls_ar/main.cpp 
INFO: [HLS 200-10] Adding test bench file 'neural_network_hls_ar/main.cpp' to the project
INFO: [HLS 200-1510] Running: add_files -tb neural_network_hls_ar/test_data.h 
INFO: [HLS 200-10] Adding test bench file 'neural_network_hls_ar/test_data.h' to the project
INFO: [HLS 200-1510] Running: add_files -tb neural_network_hls_ar/test_labels.h 
INFO: [HLS 200-10] Adding test bench file 'neural_network_hls_ar/test_labels.h' to the project
INFO: [HLS 200-1510] Running: add_files -tb neural_network_hls_ar/val_data.h 
INFO: [HLS 200-10] Adding test bench file 'neural_network_hls_ar/val_data.h' to the project
INFO: [HLS 200-1510] Running: add_files -tb neural_network_hls_ar/val_labels.h 
INFO: [HLS 200-10] Adding test bench file 'neural_network_hls_ar/val_labels.h' to the project
INFO: [HLS 200-1510] Running: open_solution solution1 -flow_target vivado 
INFO: [HLS 200-10] Opening solution '/home/jakub/Documents/PyCharmProjects/epilepsy_detection_ieeg/hardware/UCI_AR/neural_network_hls_ar/solution1'.
INFO: [SYN 201-201] Setting up clock 'default' with a period of 10ns.
INFO: [SYN 201-201] Setting up clock 'default' with an uncertainty of 2ns.
INFO: [HLS 200-10] Setting target device to 'xc7z020-clg400-1'
INFO: [HLS 200-1505] Using flow_target 'vivado'
Resolution: For help on HLS 200-1505 see www.xilinx.com/cgi-bin/docs/rdoc?v=2020.2;t=hls+guidance;d=200-1505.html
INFO: [HLS 200-1510] Running: set_part xc7z020clg400-1 
INFO: [HLS 200-1510] Running: create_clock -period 10 -name default 
INFO: [SYN 201-201] Setting up clock 'default' with a period of 10ns.
INFO: [HLS 200-1510] Running: set_clock_uncertainty 2 
INFO: [HLS 200-1510] Running: export_design -rtl vhdl -format ip_catalog 
INFO: [IMPL 213-8] Exporting RTL as a Vivado IP.

****** Vivado v2020.2 (64-bit)
  **** SW Build 3064766 on Wed Nov 18 09:12:47 MST 2020
  **** IP Build 3064653 on Wed Nov 18 14:17:31 MST 2020
    ** Copyright 1986-2020 Xilinx, Inc. All Rights Reserved.

source run_ippack.tcl -notrace
INFO: [IP_Flow 19-234] Refreshing IP repositories
INFO: [IP_Flow 19-1704] No user IP repositories specified
INFO: [IP_Flow 19-2313] Loaded Vivado IP repository '/home/jakub/apps/Xilinx/Vivado/2020.2/data/ip'.
WARNING: [IP_Flow 19-4832] The IP name 'feedforward_ap_fadd_3_full_dsp_32' you have specified is long. The Windows operating system has path length limitations. It is recommended you use shorter names to reduce the likelihood of issues.
create_ip: Time (s): cpu = 00:00:05 ; elapsed = 00:00:06 . Memory (MB): peak = 2247.402 ; gain = 43.016 ; free physical = 545 ; free virtual = 6011
INFO: [IP_Flow 19-1686] Generating 'Synthesis' target for IP 'feedforward_ap_fadd_3_full_dsp_32'...
INFO: [IP_Flow 19-1686] Generating 'Simulation' target for IP 'feedforward_ap_fadd_3_full_dsp_32'...
WARNING: [IP_Flow 19-4832] The IP name 'feedforward_ap_fcmp_0_no_dsp_32' you have specified is long. The Windows operating system has path length limitations. It is recommended you use shorter names to reduce the likelihood of issues.
INFO: [IP_Flow 19-1686] Generating 'Synthesis' target for IP 'feedforward_ap_fcmp_0_no_dsp_32'...
INFO: [IP_Flow 19-1686] Generating 'Simulation' target for IP 'feedforward_ap_fcmp_0_no_dsp_32'...
WARNING: [IP_Flow 19-4832] The IP name 'feedforward_ap_fdiv_14_no_dsp_32' you have specified is long. The Windows operating system has path length limitations. It is recommended you use shorter names to reduce the likelihood of issues.
INFO: [IP_Flow 19-1686] Generating 'Synthesis' target for IP 'feedforward_ap_fdiv_14_no_dsp_32'...
INFO: [IP_Flow 19-1686] Generating 'Simulation' target for IP 'feedforward_ap_fdiv_14_no_dsp_32'...
WARNING: [IP_Flow 19-4832] The IP name 'feedforward_ap_fexp_7_full_dsp_32' you have specified is long. The Windows operating system has path length limitations. It is recommended you use shorter names to reduce the likelihood of issues.
INFO: [IP_Flow 19-1686] Generating 'Synthesis' target for IP 'feedforward_ap_fexp_7_full_dsp_32'...
INFO: [IP_Flow 19-1686] Generating 'Simulation' target for IP 'feedforward_ap_fexp_7_full_dsp_32'...
WARNING: [IP_Flow 19-4832] The IP name 'feedforward_ap_fmul_2_max_dsp_32' you have specified is long. The Windows operating system has path length limitations. It is recommended you use shorter names to reduce the likelihood of issues.
INFO: [IP_Flow 19-1686] Generating 'Synthesis' target for IP 'feedforward_ap_fmul_2_max_dsp_32'...
INFO: [IP_Flow 19-1686] Generating 'Simulation' target for IP 'feedforward_ap_fmul_2_max_dsp_32'...
INFO: [IP_Flow 19-234] Refreshing IP repositories
INFO: [IP_Flow 19-1704] No user IP repositories specified
INFO: [IP_Flow 19-2313] Loaded Vivado IP repository '/home/jakub/apps/Xilinx/Vivado/2020.2/data/ip'.
INFO: [Common 17-206] Exiting Vivado at Sun Jan 31 16:06:11 2021...
INFO: [HLS 200-802] Generated output file neural_network_hls_ar/solution1/impl/export.zip
INFO: [HLS 200-111] Finished Command export_design CPU user time: 41.91 seconds. CPU system time: 2.83 seconds. Elapsed time: 50.51 seconds; current allocated memory: 95.675 MB.
