17:43:11 INFO  : Launching XSCT server: xsct -n  -interactive /home/jakub/Documents/PyCharmProjects/epilepsy_detection_ieeg/hardware/UCI_AR/neural_network_vitis_ar/temp_xsdb_launch_script.tcl
17:43:12 INFO  : Registering command handlers for Vitis TCF services
17:43:17 INFO  : XSCT server has started successfully.
17:43:17 INFO  : Successfully done setting XSCT server connection channel  
17:43:19 INFO  : Platform repository initialization has completed.
17:43:19 INFO  : Successfully done setting workspace for the tool. 
17:43:19 INFO  : plnx-install-location is set to ''
17:43:19 INFO  : Successfully done query RDI_DATADIR 
17:46:14 INFO  : Launching XSCT server: xsct -n  -interactive /home/jakub/Documents/PyCharmProjects/epilepsy_detection_ieeg/hardware/UCI_AR/neural_network_vitis_ar/temp_xsdb_launch_script.tcl
17:46:14 INFO  : Registering command handlers for Vitis TCF services
17:46:19 INFO  : Platform repository initialization has completed.
17:46:20 INFO  : XSCT server has started successfully.
17:46:20 INFO  : plnx-install-location is set to ''
17:46:20 INFO  : Successfully done setting XSCT server connection channel  
17:46:20 INFO  : Successfully done query RDI_DATADIR 
17:46:20 INFO  : Successfully done setting workspace for the tool. 
17:50:37 INFO  : Result from executing command 'getProjects': neural_network_platform
17:50:37 INFO  : Result from executing command 'getPlatforms': 
17:51:17 INFO  : Result from executing command 'getProjects': neural_network_platform
17:51:17 INFO  : Result from executing command 'getPlatforms': neural_network_platform|/home/jakub/Documents/PyCharmProjects/epilepsy_detection_ieeg/hardware/UCI_AR/neural_network_vitis_ar/neural_network_platform/export/neural_network_platform/neural_network_platform.xpfm
17:53:30 INFO  : Checking for BSP changes to sync application flags for project 'neural_network_application_system'...
17:53:56 INFO  : Checking for BSP changes to sync application flags for project 'neural_network_application_system'...
17:54:28 INFO  : Checking for BSP changes to sync application flags for project 'neural_network_application_system'...
17:54:57 INFO  : Connected to target on host '127.0.0.1' and port '3121'.
17:54:58 INFO  : Jtag cable 'Xilinx TUL 1234-tulA' is selected.
17:54:58 INFO  : 'jtag frequency' command is executed.
17:54:58 INFO  : Context for 'APU' is selected.
17:54:58 INFO  : System reset is completed.
17:55:01 INFO  : 'after 3000' command is executed.
17:55:01 INFO  : 'targets -set -filter {jtag_cable_name =~ "Xilinx TUL 1234-tulA" && level==0 && jtag_device_ctx=="jsn-TUL-1234-tulA-23727093-0"}' command is executed.
17:55:04 INFO  : Device configured successfully with "/home/jakub/Documents/PyCharmProjects/epilepsy_detection_ieeg/hardware/UCI_AR/neural_network_vitis_ar/neural_network_application_system/_ide/bitstream/design_1_wrapper.bit"
17:55:04 INFO  : Context for 'APU' is selected.
17:55:04 INFO  : Hardware design and registers information is loaded from '/home/jakub/Documents/PyCharmProjects/epilepsy_detection_ieeg/hardware/UCI_AR/neural_network_vitis_ar/neural_network_platform/export/neural_network_platform/hw/design_1_wrapper.xsa'.
17:55:04 INFO  : 'configparams force-mem-access 1' command is executed.
17:55:04 INFO  : Context for 'APU' is selected.
17:55:04 INFO  : Sourcing of '/home/jakub/Documents/PyCharmProjects/epilepsy_detection_ieeg/hardware/UCI_AR/neural_network_vitis_ar/neural_network_application_system/_ide/psinit/ps7_init.tcl' is done.
17:55:05 INFO  : 'ps7_init' command is executed.
17:55:05 INFO  : 'ps7_post_config' command is executed.
17:55:05 INFO  : Context for processor 'ps7_cortexa9_0' is selected.
17:55:07 INFO  : The application '/home/jakub/Documents/PyCharmProjects/epilepsy_detection_ieeg/hardware/UCI_AR/neural_network_vitis_ar/neural_network_application_system/Debug/neural_network_application_system.elf' is downloaded to processor 'ps7_cortexa9_0'.
17:55:07 INFO  : 'configparams force-mem-access 0' command is executed.
17:55:07 INFO  : ----------------XSDB Script----------------
connect -url tcp:127.0.0.1:3121
targets -set -nocase -filter {name =~"APU*"}
rst -system
after 3000
targets -set -filter {jtag_cable_name =~ "Xilinx TUL 1234-tulA" && level==0 && jtag_device_ctx=="jsn-TUL-1234-tulA-23727093-0"}
fpga -file /home/jakub/Documents/PyCharmProjects/epilepsy_detection_ieeg/hardware/UCI_AR/neural_network_vitis_ar/neural_network_application_system/_ide/bitstream/design_1_wrapper.bit
targets -set -nocase -filter {name =~"APU*"}
loadhw -hw /home/jakub/Documents/PyCharmProjects/epilepsy_detection_ieeg/hardware/UCI_AR/neural_network_vitis_ar/neural_network_platform/export/neural_network_platform/hw/design_1_wrapper.xsa -mem-ranges [list {0x40000000 0xbfffffff}] -regs
configparams force-mem-access 1
targets -set -nocase -filter {name =~"APU*"}
source /home/jakub/Documents/PyCharmProjects/epilepsy_detection_ieeg/hardware/UCI_AR/neural_network_vitis_ar/neural_network_application_system/_ide/psinit/ps7_init.tcl
ps7_init
ps7_post_config
targets -set -nocase -filter {name =~ "*A9*#0"}
dow /home/jakub/Documents/PyCharmProjects/epilepsy_detection_ieeg/hardware/UCI_AR/neural_network_vitis_ar/neural_network_application_system/Debug/neural_network_application_system.elf
configparams force-mem-access 0
----------------End of Script----------------

17:55:07 INFO  : Context for processor 'ps7_cortexa9_0' is selected.
17:55:07 INFO  : 'con' command is executed.
17:55:07 INFO  : ----------------XSDB Script (After Launch)----------------
targets -set -nocase -filter {name =~ "*A9*#0"}
con
----------------End of Script----------------

17:55:07 INFO  : Launch script is exported to file '/home/jakub/Documents/PyCharmProjects/epilepsy_detection_ieeg/hardware/UCI_AR/neural_network_vitis_ar/neural_network_application_system_system/_ide/scripts/systemdebugger_neural_network_application_system_system_standalone.tcl'
17:56:28 INFO  : Checking for BSP changes to sync application flags for project 'neural_network_application_system'...
17:57:50 INFO  : Launching XSCT server: xsct -n  -interactive /home/jakub/Documents/PyCharmProjects/epilepsy_detection_ieeg/hardware/UCI_AR/neural_network_vitis_ar/temp_xsdb_launch_script.tcl
17:58:03 INFO  : XSCT server has started successfully.
17:58:03 INFO  : plnx-install-location is set to ''
17:58:03 INFO  : Successfully done setting XSCT server connection channel  
17:58:03 INFO  : Successfully done setting workspace for the tool. 
17:58:14 INFO  : Platform repository initialization has completed.
17:58:15 INFO  : Successfully done query RDI_DATADIR 
17:58:16 INFO  : Registering command handlers for Vitis TCF services
18:00:25 INFO  : Result from executing command 'getProjects': neural_network_platform
18:00:25 INFO  : Result from executing command 'getPlatforms': neural_network_platform|/home/jakub/Documents/PyCharmProjects/epilepsy_detection_ieeg/hardware/UCI_AR/neural_network_vitis_ar/neural_network_platform/export/neural_network_platform/neural_network_platform.xpfm
18:00:28 INFO  : Checking for BSP changes to sync application flags for project 'neural_network_application_system'...
18:01:08 INFO  : Connected to target on host '127.0.0.1' and port '3121'.
18:01:08 INFO  : Jtag cable 'Xilinx TUL 1234-tulA' is selected.
18:01:08 INFO  : 'jtag frequency' command is executed.
18:01:08 INFO  : Context for 'APU' is selected.
18:01:08 INFO  : System reset is completed.
18:01:11 INFO  : 'after 3000' command is executed.
18:01:11 INFO  : 'targets -set -filter {jtag_cable_name =~ "Xilinx TUL 1234-tulA" && level==0 && jtag_device_ctx=="jsn-TUL-1234-tulA-23727093-0"}' command is executed.
18:01:14 INFO  : Device configured successfully with "/home/jakub/Documents/PyCharmProjects/epilepsy_detection_ieeg/hardware/UCI_AR/neural_network_vitis_ar/neural_network_application_system/_ide/bitstream/design_1_wrapper.bit"
18:01:14 INFO  : Context for 'APU' is selected.
18:01:14 INFO  : Hardware design and registers information is loaded from '/home/jakub/Documents/PyCharmProjects/epilepsy_detection_ieeg/hardware/UCI_AR/neural_network_vitis_ar/neural_network_platform/export/neural_network_platform/hw/design_1_wrapper.xsa'.
18:01:14 INFO  : 'configparams force-mem-access 1' command is executed.
18:01:14 INFO  : Context for 'APU' is selected.
18:01:14 INFO  : Sourcing of '/home/jakub/Documents/PyCharmProjects/epilepsy_detection_ieeg/hardware/UCI_AR/neural_network_vitis_ar/neural_network_application_system/_ide/psinit/ps7_init.tcl' is done.
18:01:14 INFO  : 'ps7_init' command is executed.
18:01:14 INFO  : 'ps7_post_config' command is executed.
18:01:15 INFO  : Context for processor 'ps7_cortexa9_0' is selected.
18:01:15 INFO  : The application '/home/jakub/Documents/PyCharmProjects/epilepsy_detection_ieeg/hardware/UCI_AR/neural_network_vitis_ar/neural_network_application_system/Debug/neural_network_application_system.elf' is downloaded to processor 'ps7_cortexa9_0'.
18:01:15 INFO  : 'configparams force-mem-access 0' command is executed.
18:01:15 INFO  : ----------------XSDB Script----------------
connect -url tcp:127.0.0.1:3121
targets -set -nocase -filter {name =~"APU*"}
rst -system
after 3000
targets -set -filter {jtag_cable_name =~ "Xilinx TUL 1234-tulA" && level==0 && jtag_device_ctx=="jsn-TUL-1234-tulA-23727093-0"}
fpga -file /home/jakub/Documents/PyCharmProjects/epilepsy_detection_ieeg/hardware/UCI_AR/neural_network_vitis_ar/neural_network_application_system/_ide/bitstream/design_1_wrapper.bit
targets -set -nocase -filter {name =~"APU*"}
loadhw -hw /home/jakub/Documents/PyCharmProjects/epilepsy_detection_ieeg/hardware/UCI_AR/neural_network_vitis_ar/neural_network_platform/export/neural_network_platform/hw/design_1_wrapper.xsa -mem-ranges [list {0x40000000 0xbfffffff}] -regs
configparams force-mem-access 1
targets -set -nocase -filter {name =~"APU*"}
source /home/jakub/Documents/PyCharmProjects/epilepsy_detection_ieeg/hardware/UCI_AR/neural_network_vitis_ar/neural_network_application_system/_ide/psinit/ps7_init.tcl
ps7_init
ps7_post_config
targets -set -nocase -filter {name =~ "*A9*#0"}
dow /home/jakub/Documents/PyCharmProjects/epilepsy_detection_ieeg/hardware/UCI_AR/neural_network_vitis_ar/neural_network_application_system/Debug/neural_network_application_system.elf
configparams force-mem-access 0
----------------End of Script----------------

18:01:15 INFO  : Context for processor 'ps7_cortexa9_0' is selected.
18:01:15 INFO  : 'con' command is executed.
18:01:15 INFO  : ----------------XSDB Script (After Launch)----------------
targets -set -nocase -filter {name =~ "*A9*#0"}
con
----------------End of Script----------------

18:01:15 INFO  : Launch script is exported to file '/home/jakub/Documents/PyCharmProjects/epilepsy_detection_ieeg/hardware/UCI_AR/neural_network_vitis_ar/neural_network_application_system_system/_ide/scripts/systemdebugger_neural_network_application_system_system_standalone.tcl'
18:01:35 INFO  : Disconnected from the channel tcfchan#3.
18:01:35 INFO  : Connected to target on host '127.0.0.1' and port '3121'.
18:01:35 INFO  : Jtag cable 'Xilinx TUL 1234-tulA' is selected.
18:01:35 INFO  : 'jtag frequency' command is executed.
18:01:35 INFO  : Context for 'APU' is selected.
18:01:36 INFO  : System reset is completed.
18:01:39 INFO  : 'after 3000' command is executed.
18:01:39 INFO  : 'targets -set -filter {jtag_cable_name =~ "Xilinx TUL 1234-tulA" && level==0 && jtag_device_ctx=="jsn-TUL-1234-tulA-23727093-0"}' command is executed.
18:01:41 INFO  : Device configured successfully with "/home/jakub/Documents/PyCharmProjects/epilepsy_detection_ieeg/hardware/UCI_AR/neural_network_vitis_ar/neural_network_application_system/_ide/bitstream/design_1_wrapper.bit"
18:01:41 INFO  : Context for 'APU' is selected.
18:01:41 INFO  : Hardware design and registers information is loaded from '/home/jakub/Documents/PyCharmProjects/epilepsy_detection_ieeg/hardware/UCI_AR/neural_network_vitis_ar/neural_network_platform/export/neural_network_platform/hw/design_1_wrapper.xsa'.
18:01:41 INFO  : 'configparams force-mem-access 1' command is executed.
18:01:41 INFO  : Context for 'APU' is selected.
18:01:41 INFO  : Sourcing of '/home/jakub/Documents/PyCharmProjects/epilepsy_detection_ieeg/hardware/UCI_AR/neural_network_vitis_ar/neural_network_application_system/_ide/psinit/ps7_init.tcl' is done.
18:01:42 INFO  : 'ps7_init' command is executed.
18:01:42 INFO  : 'ps7_post_config' command is executed.
18:01:42 INFO  : Context for processor 'ps7_cortexa9_0' is selected.
18:01:42 INFO  : The application '/home/jakub/Documents/PyCharmProjects/epilepsy_detection_ieeg/hardware/UCI_AR/neural_network_vitis_ar/neural_network_application_system/Debug/neural_network_application_system.elf' is downloaded to processor 'ps7_cortexa9_0'.
18:01:42 INFO  : 'configparams force-mem-access 0' command is executed.
18:01:42 INFO  : ----------------XSDB Script----------------
connect -url tcp:127.0.0.1:3121
targets -set -nocase -filter {name =~"APU*"}
rst -system
after 3000
targets -set -filter {jtag_cable_name =~ "Xilinx TUL 1234-tulA" && level==0 && jtag_device_ctx=="jsn-TUL-1234-tulA-23727093-0"}
fpga -file /home/jakub/Documents/PyCharmProjects/epilepsy_detection_ieeg/hardware/UCI_AR/neural_network_vitis_ar/neural_network_application_system/_ide/bitstream/design_1_wrapper.bit
targets -set -nocase -filter {name =~"APU*"}
loadhw -hw /home/jakub/Documents/PyCharmProjects/epilepsy_detection_ieeg/hardware/UCI_AR/neural_network_vitis_ar/neural_network_platform/export/neural_network_platform/hw/design_1_wrapper.xsa -mem-ranges [list {0x40000000 0xbfffffff}] -regs
configparams force-mem-access 1
targets -set -nocase -filter {name =~"APU*"}
source /home/jakub/Documents/PyCharmProjects/epilepsy_detection_ieeg/hardware/UCI_AR/neural_network_vitis_ar/neural_network_application_system/_ide/psinit/ps7_init.tcl
ps7_init
ps7_post_config
targets -set -nocase -filter {name =~ "*A9*#0"}
dow /home/jakub/Documents/PyCharmProjects/epilepsy_detection_ieeg/hardware/UCI_AR/neural_network_vitis_ar/neural_network_application_system/Debug/neural_network_application_system.elf
configparams force-mem-access 0
----------------End of Script----------------

18:01:42 INFO  : Context for processor 'ps7_cortexa9_0' is selected.
18:01:42 INFO  : 'con' command is executed.
18:01:42 INFO  : ----------------XSDB Script (After Launch)----------------
targets -set -nocase -filter {name =~ "*A9*#0"}
con
----------------End of Script----------------

18:01:42 INFO  : Launch script is exported to file '/home/jakub/Documents/PyCharmProjects/epilepsy_detection_ieeg/hardware/UCI_AR/neural_network_vitis_ar/neural_network_application_system_system/_ide/scripts/systemdebugger_neural_network_application_system_system_standalone.tcl'
18:28:13 INFO  : Disconnected from the channel tcfchan#4.
